Rails Error: Unable to access log file. Please ensure that /var/www/vhosts/callumtaylor.net/newblog/log/development.log exists and is chmod 0666. The log level has been raised to WARN and the output directed to STDERR until the problem is fixed.

ActionView::Template::Error (No such file or directory - /var/www/vhosts/callumtaylor.net/newblog/tmp/cache/assets/sprockets%2Fd771ace226fc8215a3572e0aa35bb0d620120730-8071-15yet4h.lock):
    2: %html
    3: 	%head
    4: 		%title Blog
    5: 		= stylesheet_link_tag "application"
    6: 		= javascript_include_tag "application"
    7: 
    8: 		%h1 Callum Taylor
  app/views/layouts/application.html.haml:5:in `_app_views_layouts_application_html_haml___1197837058799187071_69294280'



ActionView::Template::Error (No such file or directory - /var/www/vhosts/callumtaylor.net/newblog/tmp/cache/assets/sprockets%2Fd771ace226fc8215a3572e0aa35bb0d620120730-8071-1yqv4nf.lock):
    2: %html
    3: 	%head
    4: 		%title Blog
    5: 		= stylesheet_link_tag "application"
    6: 		= javascript_include_tag "application"
    7: 
    8: 		%h1 Callum Taylor
  app/views/layouts/application.html.haml:5:in `_app_views_layouts_application_html_haml___1197837058799187071_69294280'



ActionView::Template::Error (No such file or directory - /var/www/vhosts/callumtaylor.net/newblog/tmp/cache/assets/sprockets%2Fd771ace226fc8215a3572e0aa35bb0d620120730-8071-m77334.lock):
    2: %html
    3: 	%head
    4: 		%title Blog
    5: 		= stylesheet_link_tag "application"
    6: 		= javascript_include_tag "application"
    7: 
    8: 		%h1 Callum Taylor
  app/views/layouts/application.html.haml:5:in `_app_views_layouts_application_html_haml___1197837058799187071_69294280'



ActionView::Template::Error (No such file or directory - /var/www/vhosts/callumtaylor.net/newblog/tmp/cache/assets/sprockets%2Fd771ace226fc8215a3572e0aa35bb0d620120730-8071-n8znnd.lock):
    2: %html
    3: 	%head
    4: 		%title Blog
    5: 		= stylesheet_link_tag "application"
    6: 		= javascript_include_tag "application"
    7: 
    8: 		%h1 Callum Taylor
  app/views/layouts/application.html.haml:5:in `_app_views_layouts_application_html_haml___1197837058799187071_69294280'



ActionView::Template::Error (No such file or directory - /var/www/vhosts/callumtaylor.net/newblog/tmp/cache/assets/sprockets%2Fd771ace226fc8215a3572e0aa35bb0d620120730-8071-ezjhpg.lock):
    2: %html
    3: 	%head
    4: 		%title Blog
    5: 		= stylesheet_link_tag "application"
    6: 		= javascript_include_tag "application"
    7: 
    8: 		%h1 Callum Taylor
  app/views/layouts/application.html.haml:5:in `_app_views_layouts_application_html_haml___1197837058799187071_69294280'


Rails Error: Unable to access log file. Please ensure that /var/www/vhosts/callumtaylor.net/newblog/log/development.log exists and is chmod 0666. The log level has been raised to WARN and the output directed to STDERR until the problem is fixed.

ActionView::Template::Error (No such file or directory - /var/www/vhosts/callumtaylor.net/newblog/tmp/cache/assets/sprockets%2Fd771ace226fc8215a3572e0aa35bb0d620120730-9233-1657y66.lock):
    2: %html
    3: 	%head
    4: 		%title Blog
    5: 		= stylesheet_link_tag "application"
    6: 		= javascript_include_tag "application"
    7: 
    8: 		%h1 Callum Taylor
  app/views/layouts/application.html.haml:5:in `_app_views_layouts_application_html_haml__4371929755361118112_133282380'



ActionView::Template::Error (No such file or directory - /var/www/vhosts/callumtaylor.net/newblog/tmp/cache/assets/sprockets%2Fd771ace226fc8215a3572e0aa35bb0d620120730-9241-13y199x.lock):
    2: %html
    3: 	%head
    4: 		%title Blog
    5: 		= stylesheet_link_tag "application"
    6: 		= javascript_include_tag "application"
    7: 
    8: 		%h1 Callum Taylor
  app/views/layouts/application.html.haml:5:in `_app_views_layouts_application_html_haml__4371929755361118112_131255080'


Rails Error: Unable to access log file. Please ensure that /var/www/vhosts/callumtaylor.net/newblog/log/development.log exists and is chmod 0666. The log level has been raised to WARN and the output directed to STDERR until the problem is fixed.

ActionController::RoutingError (No route matches [GET] "/stylesheets/application.css"):
  actionpack (3.2.6) lib/action_dispatch/middleware/debug_exceptions.rb:21:in `call'
  actionpack (3.2.6) lib/action_dispatch/middleware/show_exceptions.rb:56:in `call'
  railties (3.2.6) lib/rails/rack/logger.rb:26:in `call_app'
  railties (3.2.6) lib/rails/rack/logger.rb:16:in `call'
  actionpack (3.2.6) lib/action_dispatch/middleware/request_id.rb:22:in `call'
  rack (1.4.1) lib/rack/methodoverride.rb:21:in `call'
  rack (1.4.1) lib/rack/runtime.rb:17:in `call'
  activesupport (3.2.6) lib/active_support/cache/strategy/local_cache.rb:72:in `call'
  rack (1.4.1) lib/rack/lock.rb:15:in `call'
  actionpack (3.2.6) lib/action_dispatch/middleware/static.rb:62:in `call'
  railties (3.2.6) lib/rails/engine.rb:479:in `call'
  railties (3.2.6) lib/rails/application.rb:220:in `call'
  railties (3.2.6) lib/rails/railtie/configurable.rb:30:in `method_missing'
  /var/lib/passenger-standalone/3.0.14-x86_64-ruby1.9.3-linux-gcc4.2.4-1002/support/lib/phusion_passenger/rack/request_handler.rb:96:in `process_request'
  /var/lib/passenger-standalone/3.0.14-x86_64-ruby1.9.3-linux-gcc4.2.4-1002/support/lib/phusion_passenger/abstract_request_handler.rb:516:in `accept_and_process_next_request'
  /var/lib/passenger-standalone/3.0.14-x86_64-ruby1.9.3-linux-gcc4.2.4-1002/support/lib/phusion_passenger/abstract_request_handler.rb:274:in `main_loop'
  /var/lib/passenger-standalone/3.0.14-x86_64-ruby1.9.3-linux-gcc4.2.4-1002/support/lib/phusion_passenger/rack/application_spawner.rb:206:in `start_request_handler'
  /var/lib/passenger-standalone/3.0.14-x86_64-ruby1.9.3-linux-gcc4.2.4-1002/support/lib/phusion_passenger/rack/application_spawner.rb:171:in `block in handle_spawn_application'
  /var/lib/passenger-standalone/3.0.14-x86_64-ruby1.9.3-linux-gcc4.2.4-1002/support/lib/phusion_passenger/utils.rb:470:in `safe_fork'
  /var/lib/passenger-standalone/3.0.14-x86_64-ruby1.9.3-linux-gcc4.2.4-1002/support/lib/phusion_passenger/rack/application_spawner.rb:166:in `handle_spawn_application'
  /var/lib/passenger-standalone/3.0.14-x86_64-ruby1.9.3-linux-gcc4.2.4-1002/support/lib/phusion_passenger/abstract_server.rb:357:in `server_main_loop'
  /var/lib/passenger-standalone/3.0.14-x86_64-ruby1.9.3-linux-gcc4.2.4-1002/support/lib/phusion_passenger/abstract_server.rb:206:in `start_synchronously'
  /var/lib/passenger-standalone/3.0.14-x86_64-ruby1.9.3-linux-gcc4.2.4-1002/support/lib/phusion_passenger/abstract_server.rb:180:in `start'
  /var/lib/passenger-standalone/3.0.14-x86_64-ruby1.9.3-linux-gcc4.2.4-1002/support/lib/phusion_passenger/rack/application_spawner.rb:129:in `start'
  /var/lib/passenger-standalone/3.0.14-x86_64-ruby1.9.3-linux-gcc4.2.4-1002/support/lib/phusion_passenger/spawn_manager.rb:253:in `block (2 levels) in spawn_rack_application'
  /var/lib/passenger-standalone/3.0.14-x86_64-ruby1.9.3-linux-gcc4.2.4-1002/support/lib/phusion_passenger/abstract_server_collection.rb:132:in `lookup_or_add'
  /var/lib/passenger-standalone/3.0.14-x86_64-ruby1.9.3-linux-gcc4.2.4-1002/support/lib/phusion_passenger/spawn_manager.rb:246:in `block in spawn_rack_application'
  /var/lib/passenger-standalone/3.0.14-x86_64-ruby1.9.3-linux-gcc4.2.4-1002/support/lib/phusion_passenger/abstract_server_collection.rb:82:in `block in synchronize'
  <internal:prelude>:10:in `synchronize'
  /var/lib/passenger-standalone/3.0.14-x86_64-ruby1.9.3-linux-gcc4.2.4-1002/support/lib/phusion_passenger/abstract_server_collection.rb:79:in `synchronize'
  /var/lib/passenger-standalone/3.0.14-x86_64-ruby1.9.3-linux-gcc4.2.4-1002/support/lib/phusion_passenger/spawn_manager.rb:244:in `spawn_rack_application'
  /var/lib/passenger-standalone/3.0.14-x86_64-ruby1.9.3-linux-gcc4.2.4-1002/support/lib/phusion_passenger/spawn_manager.rb:137:in `spawn_application'
  /var/lib/passenger-standalone/3.0.14-x86_64-ruby1.9.3-linux-gcc4.2.4-1002/support/lib/phusion_passenger/spawn_manager.rb:275:in `handle_spawn_application'
  /var/lib/passenger-standalone/3.0.14-x86_64-ruby1.9.3-linux-gcc4.2.4-1002/support/lib/phusion_passenger/abstract_server.rb:357:in `server_main_loop'
  /var/lib/passenger-standalone/3.0.14-x86_64-ruby1.9.3-linux-gcc4.2.4-1002/support/lib/phusion_passenger/abstract_server.rb:206:in `start_synchronously'
  /var/lib/passenger-standalone/3.0.14-x86_64-ruby1.9.3-linux-gcc4.2.4-1002/support/helper-scripts/passenger-spawn-server:99:in `<main>'



ActionController::RoutingError (No route matches [GET] "/javascripts/application.js"):
  actionpack (3.2.6) lib/action_dispatch/middleware/debug_exceptions.rb:21:in `call'
  actionpack (3.2.6) lib/action_dispatch/middleware/show_exceptions.rb:56:in `call'
  railties (3.2.6) lib/rails/rack/logger.rb:26:in `call_app'
  railties (3.2.6) lib/rails/rack/logger.rb:16:in `call'
  actionpack (3.2.6) lib/action_dispatch/middleware/request_id.rb:22:in `call'
  rack (1.4.1) lib/rack/methodoverride.rb:21:in `call'
  rack (1.4.1) lib/rack/runtime.rb:17:in `call'
  activesupport (3.2.6) lib/active_support/cache/strategy/local_cache.rb:72:in `call'
  rack (1.4.1) lib/rack/lock.rb:15:in `call'
  actionpack (3.2.6) lib/action_dispatch/middleware/static.rb:62:in `call'
  railties (3.2.6) lib/rails/engine.rb:479:in `call'
  railties (3.2.6) lib/rails/application.rb:220:in `call'
  railties (3.2.6) lib/rails/railtie/configurable.rb:30:in `method_missing'
  /var/lib/passenger-standalone/3.0.14-x86_64-ruby1.9.3-linux-gcc4.2.4-1002/support/lib/phusion_passenger/rack/request_handler.rb:96:in `process_request'
  /var/lib/passenger-standalone/3.0.14-x86_64-ruby1.9.3-linux-gcc4.2.4-1002/support/lib/phusion_passenger/abstract_request_handler.rb:516:in `accept_and_process_next_request'
  /var/lib/passenger-standalone/3.0.14-x86_64-ruby1.9.3-linux-gcc4.2.4-1002/support/lib/phusion_passenger/abstract_request_handler.rb:274:in `main_loop'
  /var/lib/passenger-standalone/3.0.14-x86_64-ruby1.9.3-linux-gcc4.2.4-1002/support/lib/phusion_passenger/rack/application_spawner.rb:206:in `start_request_handler'
  /var/lib/passenger-standalone/3.0.14-x86_64-ruby1.9.3-linux-gcc4.2.4-1002/support/lib/phusion_passenger/rack/application_spawner.rb:171:in `block in handle_spawn_application'
  /var/lib/passenger-standalone/3.0.14-x86_64-ruby1.9.3-linux-gcc4.2.4-1002/support/lib/phusion_passenger/utils.rb:470:in `safe_fork'
  /var/lib/passenger-standalone/3.0.14-x86_64-ruby1.9.3-linux-gcc4.2.4-1002/support/lib/phusion_passenger/rack/application_spawner.rb:166:in `handle_spawn_application'
  /var/lib/passenger-standalone/3.0.14-x86_64-ruby1.9.3-linux-gcc4.2.4-1002/support/lib/phusion_passenger/abstract_server.rb:357:in `server_main_loop'
  /var/lib/passenger-standalone/3.0.14-x86_64-ruby1.9.3-linux-gcc4.2.4-1002/support/lib/phusion_passenger/abstract_server.rb:206:in `start_synchronously'
  /var/lib/passenger-standalone/3.0.14-x86_64-ruby1.9.3-linux-gcc4.2.4-1002/support/lib/phusion_passenger/abstract_server.rb:180:in `start'
  /var/lib/passenger-standalone/3.0.14-x86_64-ruby1.9.3-linux-gcc4.2.4-1002/support/lib/phusion_passenger/rack/application_spawner.rb:129:in `start'
  /var/lib/passenger-standalone/3.0.14-x86_64-ruby1.9.3-linux-gcc4.2.4-1002/support/lib/phusion_passenger/spawn_manager.rb:253:in `block (2 levels) in spawn_rack_application'
  /var/lib/passenger-standalone/3.0.14-x86_64-ruby1.9.3-linux-gcc4.2.4-1002/support/lib/phusion_passenger/abstract_server_collection.rb:132:in `lookup_or_add'
  /var/lib/passenger-standalone/3.0.14-x86_64-ruby1.9.3-linux-gcc4.2.4-1002/support/lib/phusion_passenger/spawn_manager.rb:246:in `block in spawn_rack_application'
  /var/lib/passenger-standalone/3.0.14-x86_64-ruby1.9.3-linux-gcc4.2.4-1002/support/lib/phusion_passenger/abstract_server_collection.rb:82:in `block in synchronize'
  <internal:prelude>:10:in `synchronize'
  /var/lib/passenger-standalone/3.0.14-x86_64-ruby1.9.3-linux-gcc4.2.4-1002/support/lib/phusion_passenger/abstract_server_collection.rb:79:in `synchronize'
  /var/lib/passenger-standalone/3.0.14-x86_64-ruby1.9.3-linux-gcc4.2.4-1002/support/lib/phusion_passenger/spawn_manager.rb:244:in `spawn_rack_application'
  /var/lib/passenger-standalone/3.0.14-x86_64-ruby1.9.3-linux-gcc4.2.4-1002/support/lib/phusion_passenger/spawn_manager.rb:137:in `spawn_application'
  /var/lib/passenger-standalone/3.0.14-x86_64-ruby1.9.3-linux-gcc4.2.4-1002/support/lib/phusion_passenger/spawn_manager.rb:275:in `handle_spawn_application'
  /var/lib/passenger-standalone/3.0.14-x86_64-ruby1.9.3-linux-gcc4.2.4-1002/support/lib/phusion_passenger/abstract_server.rb:357:in `server_main_loop'
  /var/lib/passenger-standalone/3.0.14-x86_64-ruby1.9.3-linux-gcc4.2.4-1002/support/lib/phusion_passenger/abstract_server.rb:206:in `start_synchronously'
  /var/lib/passenger-standalone/3.0.14-x86_64-ruby1.9.3-linux-gcc4.2.4-1002/support/helper-scripts/passenger-spawn-server:99:in `<main>'


Rails Error: Unable to access log file. Please ensure that /var/www/vhosts/callumtaylor.net/newblog/log/development.log exists and is chmod 0666. The log level has been raised to WARN and the output directed to STDERR until the problem is fixed.
Rails Error: Unable to access log file. Please ensure that /var/www/vhosts/callumtaylor.net/newblog/log/development.log exists and is chmod 0666. The log level has been raised to WARN and the output directed to STDERR until the problem is fixed.
Rails Error: Unable to access log file. Please ensure that /var/www/vhosts/callumtaylor.net/newblog/log/development.log exists and is chmod 0666. The log level has been raised to WARN and the output directed to STDERR until the problem is fixed.
[ pid=9897 thr=1099340112 file=ext/nginx/HelperAgent.cpp:923 time=2012-07-30 23:57:47.334 ]: Couldn't forward the HTTP response back to the HTTP client: It seems the user clicked on the 'Stop' button in his browser.
Rails Error: Unable to access log file. Please ensure that /var/www/vhosts/callumtaylor.net/newblog/log/production.log exists and is chmod 0666. The log level has been raised to WARN and the output directed to STDERR until the problem is fixed.
