Connecting to database specified by database.yml


Started GET "/" for 127.0.0.1 at 2012-07-30 23:43:54 +0100
Processing by HomeController#index as HTML
  Rendered home/index.html.haml within layouts/application (1.8ms)
Completed 200 OK in 93ms (Views: 41.8ms | ActiveRecord: 0.0ms)


Started GET "/" for 127.0.0.1 at 2012-07-30 23:44:02 +0100
Processing by HomeController#index as HTML
  Rendered home/index.html.haml within layouts/application (0.2ms)
Completed 200 OK in 6ms (Views: 3.0ms | ActiveRecord: 0.0ms)
Connecting to database specified by database.yml
Connecting to database specified by database.yml
Connecting to database specified by database.yml


Started GET "/" for 90.212.95.122 at 2012-07-30 23:58:27 +0100
Connecting to database specified by database.yml
Processing by HomeController#index as HTML


Started GET "/" for 127.0.0.1 at 2012-07-30 23:58:27 +0100
Processing by HomeController#index as HTML
  Rendered home/index.html.haml within layouts/application (2.3ms)
Completed 200 OK in 96ms (Views: 44.9ms | ActiveRecord: 0.0ms)
  Rendered home/index.html.haml within layouts/application (2.2ms)
Completed 200 OK in 98ms (Views: 43.0ms | ActiveRecord: 0.0ms)


Started GET "/tutorial1java-android" for 90.212.95.122 at 2012-07-30 23:58:34 +0100
Processing by HomeController#index as HTML
  Parameters: {"first_id"=>"tutorial1java-android"}
  Rendered home/index.html.haml within layouts/application (0.2ms)
Completed 200 OK in 3ms (Views: 2.2ms | ActiveRecord: 0.0ms)


Started GET "/tutorial2" for 90.212.95.122 at 2012-07-30 23:58:35 +0100
Processing by HomeController#index as HTML
  Parameters: {"first_id"=>"tutorial2"}
  Rendered home/index.html.haml within layouts/application (0.2ms)
Completed 200 OK in 5ms (Views: 2.4ms | ActiveRecord: 0.0ms)
Connecting to database specified by database.yml


Started GET "/" for 90.212.95.122 at 2012-07-31 00:00:05 +0100
Processing by HomeController#index as HTML
  Rendered home/index.html.haml within layouts/application (2.2ms)
Completed 200 OK in 87ms (Views: 39.5ms | ActiveRecord: 0.0ms)


Started GET "/" for 199.59.149.165 at 2012-07-31 00:00:54 +0100
Processing by HomeController#index as HTML
  Rendered home/index.html.haml within layouts/application (1.7ms)
Completed 200 OK in 8ms (Views: 5.6ms | ActiveRecord: 0.0ms)


Started GET "/" for 184.72.46.160 at 2012-07-31 00:00:55 +0100
Processing by HomeController#index as */*
  Rendered home/index.html.haml within layouts/application (1.7ms)
Completed 200 OK in 9ms (Views: 6.9ms | ActiveRecord: 0.0ms)


Started GET "/" for 173.192.79.101 at 2012-07-31 00:00:56 +0100
Processing by HomeController#index as */*
  Rendered home/index.html.haml within layouts/application (0.3ms)
Completed 200 OK in 5ms (Views: 2.4ms | ActiveRecord: 0.0ms)


Started GET "/" for 89.151.116.53 at 2012-07-31 00:00:57 +0100
Processing by HomeController#index as HTML
  Rendered home/index.html.haml within layouts/application (0.3ms)
Completed 200 OK in 5ms (Views: 2.5ms | ActiveRecord: 0.0ms)


Started GET "/" for 50.18.21.225 at 2012-07-31 00:00:58 +0100
Processing by HomeController#index as HTML
  Rendered home/index.html.haml within layouts/application (0.2ms)
Completed 200 OK in 5ms (Views: 2.6ms | ActiveRecord: 0.0ms)


Started GET "/" for 74.112.131.131 at 2012-07-31 00:01:04 +0100
Processing by HomeController#index as */*
  Rendered home/index.html.haml within layouts/application (0.2ms)
Completed 200 OK in 5ms (Views: 2.7ms | ActiveRecord: 0.0ms)


Started GET "/" for 94.1.77.167 at 2012-07-31 00:01:12 +0100
Processing by HomeController#index as HTML
  Rendered home/index.html.haml within layouts/application (0.2ms)
Completed 200 OK in 5ms (Views: 2.6ms | ActiveRecord: 0.0ms)


Started GET "/" for 175.41.236.5 at 2012-07-31 00:01:21 +0100
Processing by HomeController#index as HTML
  Rendered home/index.html.haml within layouts/application (0.2ms)
Completed 200 OK in 40ms (Views: 2.6ms | ActiveRecord: 0.0ms)


Started GET "/" for 65.52.1.12 at 2012-07-31 00:01:26 +0100
Processing by HomeController#index as */*
  Rendered home/index.html.haml within layouts/application (0.2ms)
Completed 200 OK in 5ms (Views: 2.5ms | ActiveRecord: 0.0ms)


Started GET "/tutorial1java-android" for 90.212.95.122 at 2012-07-31 00:01:28 +0100
Processing by HomeController#index as HTML
  Parameters: {"first_id"=>"tutorial1java-android"}
  Rendered home/index.html.haml within layouts/application (0.2ms)
Completed 200 OK in 3ms (Views: 2.3ms | ActiveRecord: 0.0ms)


Started GET "/tutorial2" for 90.212.95.122 at 2012-07-31 00:01:30 +0100
Processing by HomeController#index as HTML
  Parameters: {"first_id"=>"tutorial2"}
  Rendered home/index.html.haml within layouts/application (0.2ms)
Completed 200 OK in 5ms (Views: 2.4ms | ActiveRecord: 0.0ms)


Started GET "/" for 89.151.116.53 at 2012-07-31 00:02:24 +0100
Processing by HomeController#index as HTML
  Rendered home/index.html.haml within layouts/application (0.2ms)
Completed 200 OK in 5ms (Views: 2.4ms | ActiveRecord: 0.0ms)


Started GET "/" for 38.113.234.181 at 2012-07-31 00:02:34 +0100
Processing by HomeController#index as HTML
  Rendered home/index.html.haml within layouts/application (0.2ms)
Completed 200 OK in 4ms (Views: 2.1ms | ActiveRecord: 0.0ms)


Started GET "/" for 23.20.204.157 at 2012-07-31 00:02:54 +0100
Processing by HomeController#index as HTML
  Rendered home/index.html.haml within layouts/application (0.2ms)
Completed 200 OK in 5ms (Views: 2.4ms | ActiveRecord: 0.0ms)


Started GET "/tutorial1java-android" for 90.212.95.122 at 2012-07-31 00:02:59 +0100
Processing by HomeController#index as HTML
  Parameters: {"first_id"=>"tutorial1java-android"}
  Rendered home/index.html.haml within layouts/application (0.2ms)
Completed 200 OK in 3ms (Views: 2.3ms | ActiveRecord: 0.0ms)


Started GET "/" for 37.59.18.34 at 2012-07-31 00:03:07 +0100
Processing by HomeController#index as HTML
  Rendered home/index.html.haml within layouts/application (0.2ms)
Completed 200 OK in 4ms (Views: 2.0ms | ActiveRecord: 0.0ms)


Started GET "/tutorial2" for 90.212.95.122 at 2012-07-31 00:03:10 +0100
Processing by HomeController#index as HTML
  Parameters: {"first_id"=>"tutorial2"}
  Rendered home/index.html.haml within layouts/application (0.2ms)
Completed 200 OK in 5ms (Views: 2.6ms | ActiveRecord: 0.0ms)


Started GET "/tutorial1java-android" for 90.212.95.122 at 2012-07-31 00:03:12 +0100
Processing by HomeController#index as HTML
  Parameters: {"first_id"=>"tutorial1java-android"}
  Rendered home/index.html.haml within layouts/application (0.2ms)
Completed 200 OK in 3ms (Views: 2.4ms | ActiveRecord: 0.0ms)


Started GET "/tutorial1[java-android]" for 90.212.95.122 at 2012-07-31 00:03:16 +0100
Processing by HomeController#index as HTML
  Parameters: {"first_id"=>"tutorial1[java-android]"}
  Rendered home/index.html.haml within layouts/application (0.2ms)
Completed 200 OK in 5ms (Views: 2.4ms | ActiveRecord: 0.0ms)


Started GET "/tutorial-1-[java-android]" for 90.212.95.122 at 2012-07-31 00:03:22 +0100
Processing by HomeController#index as HTML
  Parameters: {"first_id"=>"tutorial-1-[java-android]"}
  Rendered home/index.html.haml within layouts/application (0.2ms)
Completed 200 OK in 5ms (Views: 2.3ms | ActiveRecord: 0.0ms)


Started GET "/" for 23.20.56.176 at 2012-07-31 00:04:15 +0100
Processing by HomeController#index as HTML
  Rendered home/index.html.haml within layouts/application (0.2ms)
Completed 200 OK in 5ms (Views: 2.4ms | ActiveRecord: 0.0ms)


Started GET "/" for 86.30.248.209 at 2012-07-31 00:08:04 +0100
Processing by HomeController#index as HTML
  Rendered home/index.html.haml within layouts/application (0.2ms)
Completed 200 OK in 4ms (Views: 2.0ms | ActiveRecord: 0.0ms)


Started GET "/tutorial1java-android" for 86.30.248.209 at 2012-07-31 00:08:11 +0100
Processing by HomeController#index as HTML
  Parameters: {"first_id"=>"tutorial1java-android"}
  Rendered home/index.html.haml within layouts/application (0.2ms)
Completed 200 OK in 3ms (Views: 2.4ms | ActiveRecord: 0.0ms)


Started GET "/tutorial2" for 86.30.248.209 at 2012-07-31 00:08:13 +0100
Processing by HomeController#index as HTML
  Parameters: {"first_id"=>"tutorial2"}
  Rendered home/index.html.haml within layouts/application (0.2ms)
Completed 200 OK in 4ms (Views: 2.1ms | ActiveRecord: 0.0ms)


Started GET "/" for 50.16.165.212 at 2012-07-31 00:08:36 +0100
Processing by HomeController#index as HTML
  Rendered home/index.html.haml within layouts/application (0.2ms)
Completed 200 OK in 5ms (Views: 2.6ms | ActiveRecord: 0.0ms)


Started GET "/" for 50.16.165.212 at 2012-07-31 00:08:50 +0100
Processing by HomeController#index as HTML
  Rendered home/index.html.haml within layouts/application (0.2ms)
Completed 200 OK in 4ms (Views: 2.1ms | ActiveRecord: 0.0ms)


Started GET "/" for 67.202.52.70 at 2012-07-31 00:11:05 +0100
Processing by HomeController#index as HTML
  Rendered home/index.html.haml within layouts/application (0.2ms)
Completed 200 OK in 5ms (Views: 2.4ms | ActiveRecord: 0.0ms)


Started GET "/" for 82.3.137.211 at 2012-07-31 00:16:29 +0100
Processing by HomeController#index as HTML
  Rendered home/index.html.haml within layouts/application (0.2ms)
Completed 200 OK in 4ms (Views: 2.0ms | ActiveRecord: 0.0ms)


Started GET "/" for 41.233.30.16 at 2012-07-31 00:20:41 +0100
Processing by HomeController#index as HTML
  Rendered home/index.html.haml within layouts/application (0.2ms)
Completed 200 OK in 5ms (Views: 2.4ms | ActiveRecord: 0.0ms)


Started GET "/" for 77.100.75.31 at 2012-07-31 00:25:58 +0100
Processing by HomeController#index as HTML
  Rendered home/index.html.haml within layouts/application (0.2ms)
Completed 200 OK in 5ms (Views: 2.2ms | ActiveRecord: 0.0ms)


Started GET "/tutorial1java-android" for 77.100.75.31 at 2012-07-31 00:26:05 +0100
Processing by HomeController#index as HTML
  Parameters: {"first_id"=>"tutorial1java-android"}
  Rendered home/index.html.haml within layouts/application (0.2ms)
Completed 200 OK in 3ms (Views: 2.4ms | ActiveRecord: 0.0ms)


Started GET "/tutorial2" for 77.100.75.31 at 2012-07-31 00:26:07 +0100
Processing by HomeController#index as HTML
  Parameters: {"first_id"=>"tutorial2"}
  Rendered home/index.html.haml within layouts/application (0.2ms)
Completed 200 OK in 5ms (Views: 2.5ms | ActiveRecord: 0.0ms)


Started GET "/" for 37.59.16.228 at 2012-07-31 00:43:59 +0100
Processing by HomeController#index as HTML
  Rendered home/index.html.haml within layouts/application (0.2ms)
Completed 200 OK in 5ms (Views: 2.5ms | ActiveRecord: 0.0ms)


Started GET "/" for 216.52.242.32 at 2012-07-31 03:21:05 +0100
Processing by HomeController#index as HTML
  Rendered home/index.html.haml within layouts/application (0.2ms)
Completed 200 OK in 4ms (Views: 2.0ms | ActiveRecord: 0.0ms)


Started GET "/" for 216.52.242.32 at 2012-07-31 03:28:19 +0100
Processing by HomeController#index as HTML
  Rendered home/index.html.haml within layouts/application (0.2ms)
Completed 200 OK in 4ms (Views: 2.1ms | ActiveRecord: 0.0ms)


Started GET "/" for 65.52.56.211 at 2012-07-31 04:57:21 +0100
Processing by HomeController#index as HTML
  Rendered home/index.html.haml within layouts/application (0.2ms)
Completed 200 OK in 5ms (Views: 2.5ms | ActiveRecord: 0.0ms)


Started GET "/" for 87.112.61.200 at 2012-07-31 06:22:48 +0100
Processing by HomeController#index as HTML
  Rendered home/index.html.haml within layouts/application (0.2ms)
Completed 200 OK in 5ms (Views: 2.4ms | ActiveRecord: 0.0ms)


Started GET "/" for 188.141.121.4 at 2012-07-31 06:44:43 +0100
Processing by HomeController#index as HTML
  Rendered home/index.html.haml within layouts/application (0.2ms)
Completed 200 OK in 5ms (Views: 2.2ms | ActiveRecord: 0.0ms)


Started GET "/" for 149.254.59.194 at 2012-07-31 08:56:55 +0100
Processing by HomeController#index as HTML
  Rendered home/index.html.haml within layouts/application (0.2ms)
Completed 200 OK in 5ms (Views: 2.3ms | ActiveRecord: 0.0ms)


Started GET "/tutorial1java-android" for 149.254.59.194 at 2012-07-31 08:57:04 +0100
Processing by HomeController#index as HTML
  Parameters: {"first_id"=>"tutorial1java-android"}
  Rendered home/index.html.haml within layouts/application (0.2ms)
Completed 200 OK in 3ms (Views: 2.4ms | ActiveRecord: 0.0ms)


Started GET "/tutorial2" for 149.254.59.194 at 2012-07-31 08:57:08 +0100
Processing by HomeController#index as HTML
  Parameters: {"first_id"=>"tutorial2"}
  Rendered home/index.html.haml within layouts/application (0.2ms)
Completed 200 OK in 5ms (Views: 2.4ms | ActiveRecord: 0.0ms)


Started GET "/" for 100.43.81.11 at 2012-07-31 10:37:52 +0100
Processing by HomeController#index as HTML
  Rendered home/index.html.haml within layouts/application (0.3ms)
Completed 200 OK in 5ms (Views: 2.4ms | ActiveRecord: 0.0ms)


Started GET "/" for 109.104.125.114 at 2012-07-31 11:32:39 +0100
Processing by HomeController#index as HTML
Completed 500 Internal Server Error in 0ms

NoMethodError (undefined method `title' for nil:NilClass):
  app/controllers/home_controller.rb:26:in `index'




Started GET "/" for 109.104.125.114 at 2012-07-31 11:32:39 +0100
Processing by HomeController#index as HTML
Completed 500 Internal Server Error in 0ms

NoMethodError (undefined method `title' for nil:NilClass):
  app/controllers/home_controller.rb:26:in `index'




Started GET "/" for 109.104.125.114 at 2012-07-31 11:32:40 +0100
Processing by HomeController#index as HTML
Completed 500 Internal Server Error in 0ms

NoMethodError (undefined method `title' for nil:NilClass):
  app/controllers/home_controller.rb:26:in `index'




Started GET "/" for 109.104.125.114 at 2012-07-31 11:32:40 +0100
Processing by HomeController#index as HTML
Completed 500 Internal Server Error in 0ms

NoMethodError (undefined method `title' for nil:NilClass):
  app/controllers/home_controller.rb:26:in `index'




Started GET "/" for 109.104.125.114 at 2012-07-31 11:32:40 +0100
Processing by HomeController#index as HTML
Completed 500 Internal Server Error in 0ms

NoMethodError (undefined method `title' for nil:NilClass):
  app/controllers/home_controller.rb:26:in `index'




Started GET "/" for 109.104.125.114 at 2012-07-31 11:32:41 +0100
Processing by HomeController#index as HTML
Completed 500 Internal Server Error in 0ms

NoMethodError (undefined method `title' for nil:NilClass):
  app/controllers/home_controller.rb:26:in `index'




Started GET "/" for 109.104.125.114 at 2012-07-31 12:02:04 +0100
Processing by HomeController#index as HTML
Completed 500 Internal Server Error in 0ms

NoMethodError (undefined method `title' for nil:NilClass):
  app/controllers/home_controller.rb:26:in `index'




Started GET "/" for 109.104.125.114 at 2012-07-31 12:03:12 +0100
Processing by HomeController#index as HTML
  Rendered home/index.html.haml within layouts/application (0.2ms)
Completed 200 OK in 14ms (Views: 2.6ms | ActiveRecord: 0.0ms)


Started GET "/" for 109.104.125.114 at 2012-07-31 12:03:33 +0100
Processing by HomeController#index as HTML
  Rendered home/index.html.haml within layouts/application (0.2ms)
Completed 200 OK in 13ms (Views: 2.6ms | ActiveRecord: 0.0ms)


Started GET "/" for 109.104.125.114 at 2012-07-31 12:03:33 +0100
Processing by HomeController#index as HTML
  Rendered home/index.html.haml within layouts/application (0.3ms)
Completed 200 OK in 13ms (Views: 2.6ms | ActiveRecord: 0.0ms)
Connecting to database specified by database.yml


Started GET "/" for 109.104.125.114 at 2012-07-31 12:04:36 +0100
Processing by HomeController#index as HTML
  Rendered home/index.html.haml within layouts/application (2.5ms)
Completed 200 OK in 143ms (Views: 47.6ms | ActiveRecord: 0.0ms)


Started GET "/" for 109.104.125.114 at 2012-07-31 12:04:42 +0100
Processing by HomeController#index as HTML
  Rendered home/index.html.haml within layouts/application (0.2ms)
Completed 200 OK in 13ms (Views: 2.3ms | ActiveRecord: 0.0ms)
Compiled jquery.js  (2ms)  (pid 30518)
Compiled jquery_ujs.js  (0ms)  (pid 30518)
Compiled application.js  (19ms)  (pid 30518)
Compiled application.css  (0ms)  (pid 30518)


Started GET "/" for 109.104.125.114 at 2012-07-31 12:05:38 +0100
Processing by HomeController#index as HTML
  Rendered home/index.html.haml within layouts/application (0.2ms)
Completed 200 OK in 14ms (Views: 2.6ms | ActiveRecord: 0.0ms)


Started GET "/" for 109.104.125.114 at 2012-07-31 12:05:39 +0100
Processing by HomeController#index as HTML
  Rendered home/index.html.haml within layouts/application (0.2ms)
Completed 200 OK in 13ms (Views: 2.4ms | ActiveRecord: 0.0ms)
Compiled jquery.js  (2ms)  (pid 30518)
Compiled jquery_ujs.js  (0ms)  (pid 30518)
Compiled application.js  (17ms)  (pid 30518)
Compiled application.css  (0ms)  (pid 30518)
Connecting to database specified by database.yml


Started GET "/" for 109.104.125.114 at 2012-07-31 12:05:52 +0100
Processing by HomeController#index as HTML
  Rendered home/index.html.haml within layouts/application (2.3ms)
Completed 200 OK in 104ms (Views: 42.0ms | ActiveRecord: 0.0ms)


Started GET "/mysqlbackupservicec" for 109.104.125.114 at 2012-07-31 12:06:07 +0100
Processing by HomeController#index as HTML
  Parameters: {"first_id"=>"mysqlbackupservicec"}
  Rendered home/index.html.haml within layouts/application (0.2ms)
Completed 200 OK in 67ms (Views: 2.6ms | ActiveRecord: 0.0ms)


Started GET "/konamicodejava-android" for 109.104.125.114 at 2012-07-31 12:06:08 +0100
Processing by HomeController#index as HTML
  Parameters: {"first_id"=>"konamicodejava-android"}
  Rendered home/index.html.haml within layouts/application (0.2ms)
Completed 200 OK in 13ms (Views: 2.5ms | ActiveRecord: 0.0ms)


Started GET "/mysqlbackupservicec" for 109.104.125.114 at 2012-07-31 12:06:10 +0100
Processing by HomeController#index as HTML
  Parameters: {"first_id"=>"mysqlbackupservicec"}
  Rendered home/index.html.haml within layouts/application (0.2ms)
Completed 200 OK in 28ms (Views: 2.2ms | ActiveRecord: 0.0ms)


Started GET "/mysqlbackupservicec" for 109.104.125.114 at 2012-07-31 12:07:29 +0100
Processing by HomeController#index as HTML
  Parameters: {"first_id"=>"mysqlbackupservicec"}
  Rendered home/index.html.haml within layouts/application (0.2ms)
Completed 200 OK in 452ms (Views: 2.3ms | ActiveRecord: 0.0ms)


Started GET "/mysqlbackupservicec" for 109.104.125.114 at 2012-07-31 12:10:02 +0100
Processing by HomeController#index as HTML
  Parameters: {"first_id"=>"mysqlbackupservicec"}
  Rendered home/index.html.haml within layouts/application (0.2ms)
Completed 200 OK in 30ms (Views: 2.3ms | ActiveRecord: 0.0ms)
Connecting to database specified by database.yml
Connecting to database specified by database.yml


Started GET "/mysqlbackupservicec" for 109.104.125.114 at 2012-07-31 12:10:11 +0100
Processing by HomeController#index as HTML
  Parameters: {"first_id"=>"mysqlbackupservicec"}


Started GET "/mysqlbackupservicec" for 109.104.125.114 at 2012-07-31 12:10:11 +0100
Processing by HomeController#index as HTML
  Parameters: {"first_id"=>"mysqlbackupservicec"}
  Rendered home/index.html.haml within layouts/application (2.5ms)
Completed 200 OK in 157ms (Views: 47.6ms | ActiveRecord: 0.0ms)
  Rendered home/index.html.haml within layouts/application (2.7ms)
Completed 200 OK in 164ms (Views: 51.8ms | ActiveRecord: 0.0ms)
Compiled jquery.js  (2ms)  (pid 32043)
Compiled jquery_ujs.js  (0ms)  (pid 32043)
Compiled application.js  (19ms)  (pid 32043)
Compiled application.css  (0ms)  (pid 32043)
Compiled jquery.js  (2ms)  (pid 32043)
Compiled jquery_ujs.js  (0ms)  (pid 32043)
Compiled application.js  (23ms)  (pid 32043)
Compiled application.css  (0ms)  (pid 32043)
Connecting to database specified by database.yml


Started GET "/mysqlbackupservicec" for 109.104.125.114 at 2012-07-31 12:10:42 +0100
Processing by HomeController#index as HTML
  Parameters: {"first_id"=>"mysqlbackupservicec"}
  Rendered home/index.html.haml within layouts/application (2.8ms)
Completed 200 OK in 157ms (Views: 51.3ms | ActiveRecord: 0.0ms)
Compiled jquery.js  (2ms)  (pid 1088)
Compiled jquery_ujs.js  (0ms)  (pid 1088)
Compiled application.js  (18ms)  (pid 1088)
Compiled application.css  (0ms)  (pid 1088)
Compiled jquery.js  (2ms)  (pid 1088)
Compiled jquery_ujs.js  (0ms)  (pid 1088)
Compiled application.js  (18ms)  (pid 1088)
Compiled application.css  (0ms)  (pid 1088)
Connecting to database specified by database.yml


Started GET "/" for 109.104.125.114 at 2012-07-31 12:25:48 +0100
Processing by HomeController#index as HTML
  Rendered home/index.html.haml within layouts/application (3.7ms)
Completed 200 OK in 137ms (Views: 45.6ms | ActiveRecord: 0.0ms)


Started GET "/" for 109.104.125.114 at 2012-07-31 12:31:24 +0100
Processing by HomeController#index as HTML
  Rendered home/index.html.haml within layouts/application (0.3ms)
Completed 200 OK in 12ms (Views: 2.3ms | ActiveRecord: 0.0ms)
Compiled jquery.js  (2ms)  (pid 8055)
Compiled jquery_ujs.js  (0ms)  (pid 8055)
Compiled application.js  (20ms)  (pid 8055)
Compiled application.css  (0ms)  (pid 8055)
Compiled jquery.js  (2ms)  (pid 8055)
Compiled jquery_ujs.js  (0ms)  (pid 8055)
Compiled application.js  (17ms)  (pid 8055)
Compiled application.css  (0ms)  (pid 8055)
Connecting to database specified by database.yml


Started GET "/" for 109.104.125.114 at 2012-07-31 13:14:11 +0100
Processing by HomeController#index as HTML
  Rendered home/index.html.haml within layouts/application (3.9ms)
Completed 200 OK in 144ms (Views: 51.3ms | ActiveRecord: 0.0ms)


Started GET "/" for 109.104.125.114 at 2012-07-31 13:14:57 +0100
Processing by HomeController#index as HTML
  Rendered home/index.html.haml within layouts/application (0.4ms)
Completed 200 OK in 13ms (Views: 2.7ms | ActiveRecord: 0.0ms)


Started GET "/" for 109.104.125.114 at 2012-07-31 13:16:30 +0100
Processing by HomeController#index as HTML
  Rendered home/index.html.haml within layouts/application (0.4ms)
Completed 200 OK in 5ms (Views: 3.3ms | ActiveRecord: 0.0ms)


Started GET "/brainfuckinterpreterbrainfuckc" for 109.104.125.114 at 2012-07-31 13:16:51 +0100
Processing by HomeController#index as HTML
  Parameters: {"first_id"=>"brainfuckinterpreterbrainfuckc"}
  Rendered home/index.html.haml within layouts/application (29.5ms)
Completed 200 OK in 47ms (Views: 32.7ms | ActiveRecord: 0.0ms)


Started GET "/creatingacustomcontroljava-android" for 109.104.125.114 at 2012-07-31 13:17:07 +0100
Processing by HomeController#index as HTML
  Parameters: {"first_id"=>"creatingacustomcontroljava-android"}
  Rendered home/index.html.haml within layouts/application (0.3ms)
Completed 200 OK in 32ms (Views: 3.1ms | ActiveRecord: 0.0ms)


Started GET "/settingsurfaceviewastransparentjava-android" for 109.104.125.114 at 2012-07-31 13:17:17 +0100
Processing by HomeController#index as HTML
  Parameters: {"first_id"=>"settingsurfaceviewastransparentjava-android"}
  Rendered home/index.html.haml within layouts/application (0.3ms)
Completed 200 OK in 6ms (Views: 3.0ms | ActiveRecord: 0.0ms)


Started GET "/writeablebitmappixelarraycsharp-windowsphone7" for 109.104.125.114 at 2012-07-31 13:17:19 +0100
Processing by HomeController#index as HTML
  Parameters: {"first_id"=>"writeablebitmappixelarraycsharp-windowsphone7"}
  Rendered home/index.html.haml within layouts/application (0.3ms)
Completed 200 OK in 9ms (Views: 2.9ms | ActiveRecord: 0.0ms)


Started GET "/" for 94.1.77.167 at 2012-07-31 13:17:33 +0100
Processing by HomeController#index as HTML
  Rendered home/index.html.haml within layouts/application (0.3ms)
Completed 200 OK in 5ms (Views: 3.1ms | ActiveRecord: 0.0ms)


Started GET "/convertingbytedataintoanimageofcolourscsharp" for 109.104.125.114 at 2012-07-31 13:17:37 +0100
Processing by HomeController#index as HTML
  Parameters: {"first_id"=>"convertingbytedataintoanimageofcolourscsharp"}
  Rendered home/index.html.haml within layouts/application (0.4ms)
Completed 200 OK in 22ms (Views: 3.3ms | ActiveRecord: 0.0ms)


Started GET "/applicationsingletonsjava-android" for 109.104.125.114 at 2012-07-31 13:17:42 +0100
Processing by HomeController#index as HTML
  Parameters: {"first_id"=>"applicationsingletonsjava-android"}
  Rendered home/index.html.haml within layouts/application (0.3ms)
Completed 200 OK in 11ms (Views: 3.3ms | ActiveRecord: 0.0ms)


Started GET "/havingfunwithmichael" for 109.104.125.114 at 2012-07-31 13:17:55 +0100
Processing by HomeController#index as HTML
  Parameters: {"first_id"=>"havingfunwithmichael"}
  Rendered home/index.html.haml within layouts/application (0.3ms)
Completed 200 OK in 5ms (Views: 3.1ms | ActiveRecord: 0.0ms)


Started GET "/" for 109.104.125.114 at 2012-07-31 13:18:06 +0100
Processing by HomeController#index as HTML
  Rendered home/index.html.haml within layouts/application (0.4ms)
Completed 200 OK in 5ms (Views: 3.5ms | ActiveRecord: 0.0ms)
Connecting to database specified by database.yml


Started GET "/" for 109.104.125.114 at 2012-07-31 13:21:56 +0100
Processing by HomeController#index as HTML
  Rendered home/index.html.haml within layouts/application (4.0ms)
Completed 200 OK in 50ms (Views: 47.1ms | ActiveRecord: 0.0ms)


Started GET "/" for 109.104.125.114 at 2012-07-31 13:23:46 +0100
Processing by HomeController#index as HTML
  Rendered home/index.html.haml within layouts/application (0.3ms)
Completed 200 OK in 5ms (Views: 3.0ms | ActiveRecord: 0.0ms)


Started GET "/" for 109.104.125.114 at 2012-07-31 13:23:46 +0100
Processing by HomeController#index as HTML
  Rendered home/index.html.haml within layouts/application (0.3ms)
Completed 200 OK in 5ms (Views: 2.9ms | ActiveRecord: 0.0ms)
Connecting to database specified by database.yml
Connecting to database specified by database.yml


Started GET "/" for 109.104.125.114 at 2012-07-31 13:24:00 +0100


Started GET "/" for 109.104.125.114 at 2012-07-31 13:24:00 +0100
Processing by HomeController#index as HTML
Processing by HomeController#index as HTML
  Rendered home/index.html.haml within layouts/application (4.2ms)
  Rendered home/index.html.haml within layouts/application (4.0ms)
Completed 200 OK in 54ms (Views: 50.7ms | ActiveRecord: 0.0ms)
Completed 200 OK in 54ms (Views: 50.7ms | ActiveRecord: 0.0ms)
Compiled jquery.js  (2ms)  (pid 11418)
Compiled jquery_ujs.js  (0ms)  (pid 11418)
Compiled application.js  (20ms)  (pid 11418)
Compiled application.css  (0ms)  (pid 11418)
Compiled jquery.js  (2ms)  (pid 11418)
Compiled jquery_ujs.js  (0ms)  (pid 11418)
Compiled application.js  (17ms)  (pid 11418)
Compiled application.css  (0ms)  (pid 11418)
Connecting to database specified by database.yml


Started GET "/" for 109.104.125.114 at 2012-07-31 13:24:32 +0100
Connecting to database specified by database.yml
Processing by HomeController#index as HTML


Started GET "/" for 109.104.125.114 at 2012-07-31 13:24:33 +0100
  Rendered home/index.html.haml within layouts/application (4.0ms)
Completed 200 OK in 50ms (Views: 47.8ms | ActiveRecord: 0.0ms)
Processing by HomeController#index as HTML
  Rendered home/index.html.haml within layouts/application (4.1ms)
Completed 200 OK in 60ms (Views: 57.6ms | ActiveRecord: 0.0ms)


Started GET "/" for 109.104.125.114 at 2012-07-31 13:24:35 +0100
Processing by HomeController#index as HTML
  Rendered home/index.html.haml within layouts/application (0.3ms)
Completed 200 OK in 5ms (Views: 3.0ms | ActiveRecord: 0.0ms)


Started GET "/" for 109.104.125.114 at 2012-07-31 13:24:37 +0100
Processing by HomeController#index as HTML
  Rendered home/index.html.haml within layouts/application (0.4ms)
Completed 200 OK in 6ms (Views: 3.6ms | ActiveRecord: 0.0ms)


Started GET "/howtocreatecustomlayoutswithxmlattritubesjava-android" for 109.104.125.114 at 2012-07-31 13:25:11 +0100
Processing by HomeController#index as HTML
  Parameters: {"first_id"=>"howtocreatecustomlayoutswithxmlattritubesjava-android"}
  Rendered home/index.html.haml within layouts/application (0.3ms)
Completed 200 OK in 101ms (Views: 3.1ms | ActiveRecord: 0.0ms)


Started GET "/havingfunwithmichael" for 109.104.125.114 at 2012-07-31 13:25:27 +0100
Processing by HomeController#index as HTML
  Parameters: {"first_id"=>"havingfunwithmichael"}
  Rendered home/index.html.haml within layouts/application (0.4ms)
Completed 200 OK in 6ms (Views: 3.7ms | ActiveRecord: 0.0ms)


Started GET "/" for 89.151.116.52 at 2012-07-31 13:25:35 +0100
Processing by HomeController#index as HTML
  Rendered home/index.html.haml within layouts/application (0.3ms)
Completed 200 OK in 5ms (Views: 3.1ms | ActiveRecord: 0.0ms)


Started GET "/" for 199.59.149.165 at 2012-07-31 13:25:35 +0100
Processing by HomeController#index as HTML
  Rendered home/index.html.haml within layouts/application (3.0ms)
Completed 200 OK in 9ms (Views: 7.4ms | ActiveRecord: 0.0ms)


Started GET "/" for 50.18.21.225 at 2012-07-31 13:25:36 +0100
Processing by HomeController#index as HTML


Started GET "/" for 50.18.21.225 at 2012-07-31 13:25:36 +0100
  Rendered home/index.html.haml within layouts/application (0.4ms)
Processing by HomeController#index as HTML
Completed 200 OK in 6ms (Views: 3.5ms | ActiveRecord: 0.0ms)
  Rendered home/index.html.haml within layouts/application (0.4ms)
Completed 200 OK in 6ms (Views: 3.6ms | ActiveRecord: 0.0ms)


Started GET "/" for 74.112.131.148 at 2012-07-31 13:25:36 +0100
Processing by HomeController#index as */*


Started GET "/" for 184.72.46.160 at 2012-07-31 13:25:36 +0100
Processing by HomeController#index as */*
  Rendered home/index.html.haml within layouts/application (3.0ms)
Completed 200 OK in 11ms (Views: 8.8ms | ActiveRecord: 0.0ms)
  Rendered home/index.html.haml within layouts/application (3.0ms)
Completed 200 OK in 11ms (Views: 8.9ms | ActiveRecord: 0.0ms)


Started GET "/" for 173.192.79.101 at 2012-07-31 13:25:36 +0100
Processing by HomeController#index as */*
  Rendered home/index.html.haml within layouts/application (0.4ms)
Completed 200 OK in 5ms (Views: 3.1ms | ActiveRecord: 0.0ms)


Started GET "/" for 74.112.131.131 at 2012-07-31 13:25:43 +0100
Processing by HomeController#index as */*
  Rendered home/index.html.haml within layouts/application (0.3ms)
Completed 200 OK in 5ms (Views: 3.2ms | ActiveRecord: 0.0ms)


Started GET "/" for 38.113.234.180 at 2012-07-31 13:25:44 +0100
Processing by HomeController#index as HTML
  Rendered home/index.html.haml within layouts/application (0.3ms)
Completed 200 OK in 5ms (Views: 3.0ms | ActiveRecord: 0.0ms)


Started GET "/" for 109.104.125.114 at 2012-07-31 13:26:44 +0100
Processing by HomeController#index as HTML
  Rendered home/index.html.haml within layouts/application (0.3ms)
Completed 200 OK in 5ms (Views: 2.9ms | ActiveRecord: 0.0ms)


Started GET "/brainfuckinterpreterbrainfuckc" for 109.104.125.114 at 2012-07-31 13:26:50 +0100
Processing by HomeController#index as HTML
  Parameters: {"first_id"=>"brainfuckinterpreterbrainfuckc"}
  Rendered home/index.html.haml within layouts/application (0.4ms)
Completed 200 OK in 16ms (Views: 3.5ms | ActiveRecord: 0.0ms)


Started GET "/settingsurfaceviewastransparentjava-android" for 109.104.125.114 at 2012-07-31 13:26:55 +0100
Processing by HomeController#index as HTML
  Parameters: {"first_id"=>"settingsurfaceviewastransparentjava-android"}
  Rendered home/index.html.haml within layouts/application (0.3ms)
Completed 200 OK in 7ms (Views: 3.3ms | ActiveRecord: 0.0ms)


Started GET "/" for 107.20.19.50 at 2012-07-31 13:27:02 +0100
Processing by HomeController#index as HTML
  Rendered home/index.html.haml within layouts/application (0.4ms)
Completed 200 OK in 6ms (Views: 3.5ms | ActiveRecord: 0.0ms)


Started GET "/" for 107.20.19.50 at 2012-07-31 13:27:02 +0100
Processing by HomeController#index as HTML
  Rendered home/index.html.haml within layouts/application (0.4ms)
Completed 200 OK in 5ms (Views: 3.2ms | ActiveRecord: 0.0ms)


Started GET "/" for 23.20.204.157 at 2012-07-31 13:27:37 +0100
Processing by HomeController#index as HTML
  Rendered home/index.html.haml within layouts/application (0.4ms)
Completed 200 OK in 5ms (Views: 3.4ms | ActiveRecord: 0.0ms)


Started GET "/" for 103.246.248.246 at 2012-07-31 13:28:21 +0100
Processing by HomeController#index as HTML
  Rendered home/index.html.haml within layouts/application (30.6ms)
Completed 200 OK in 36ms (Views: 33.6ms | ActiveRecord: 0.0ms)


Started GET "/" for 109.104.109.113 at 2012-07-31 13:29:00 +0100
Processing by HomeController#index as HTML
  Rendered home/index.html.haml within layouts/application (0.3ms)
Completed 200 OK in 5ms (Views: 3.0ms | ActiveRecord: 0.0ms)


Started GET "/" for 109.104.125.114 at 2012-07-31 13:29:08 +0100
Processing by HomeController#index as HTML
  Rendered home/index.html.haml within layouts/application (0.3ms)
Completed 200 OK in 5ms (Views: 3.1ms | ActiveRecord: 0.0ms)


Started GET "/brainfuckinterpreterbrainfuckc" for 109.104.125.114 at 2012-07-31 13:29:18 +0100
Processing by HomeController#index as HTML
  Parameters: {"first_id"=>"brainfuckinterpreterbrainfuckc"}
  Rendered home/index.html.haml within layouts/application (0.3ms)
Completed 200 OK in 13ms (Views: 3.2ms | ActiveRecord: 0.0ms)


Started GET "/" for 37.59.18.45 at 2012-07-31 13:33:31 +0100
Processing by HomeController#index as HTML
  Rendered home/index.html.haml within layouts/application (0.3ms)
Completed 200 OK in 5ms (Views: 3.2ms | ActiveRecord: 0.0ms)


Started GET "/" for 82.3.137.211 at 2012-07-31 13:34:18 +0100
Processing by HomeController#index as HTML
  Rendered home/index.html.haml within layouts/application (0.3ms)
Completed 200 OK in 5ms (Views: 3.0ms | ActiveRecord: 0.0ms)


Started GET "/" for 82.3.137.211 at 2012-07-31 13:34:21 +0100
Processing by HomeController#index as */*
  Rendered home/index.html.haml within layouts/application (0.4ms)
Completed 200 OK in 5ms (Views: 3.1ms | ActiveRecord: 0.0ms)


Started GET "/" for 206.132.97.4 at 2012-07-31 13:36:35 +0100
Processing by HomeController#index as HTML
  Rendered home/index.html.haml within layouts/application (0.5ms)
Completed 200 OK in 5ms (Views: 3.4ms | ActiveRecord: 0.0ms)


Started GET "/" for 206.132.97.4 at 2012-07-31 13:36:36 +0100
Processing by HomeController#index as HTML
  Rendered home/index.html.haml within layouts/application (0.3ms)
Completed 200 OK in 5ms (Views: 3.0ms | ActiveRecord: 0.0ms)


Started GET "/" for 206.132.97.4 at 2012-07-31 13:37:17 +0100
Processing by HomeController#index as HTML
  Rendered home/index.html.haml within layouts/application (0.3ms)
Completed 200 OK in 5ms (Views: 2.9ms | ActiveRecord: 0.0ms)


Started GET "/brainfuckinterpreterbrainfuckc" for 206.132.97.4 at 2012-07-31 13:37:33 +0100
Processing by HomeController#index as HTML
  Parameters: {"first_id"=>"brainfuckinterpreterbrainfuckc"}
  Rendered home/index.html.haml within layouts/application (0.3ms)
Completed 200 OK in 12ms (Views: 3.0ms | ActiveRecord: 0.0ms)


Started GET "/brainfuckinterpreterbrainfuckc" for 206.132.97.4 at 2012-07-31 13:37:34 +0100
Processing by HomeController#index as HTML
  Parameters: {"first_id"=>"brainfuckinterpreterbrainfuckc"}
  Rendered home/index.html.haml within layouts/application (0.3ms)
Completed 200 OK in 12ms (Views: 3.1ms | ActiveRecord: 0.0ms)


Started GET "/" for 109.104.125.114 at 2012-07-31 13:42:31 +0100
Processing by HomeController#index as HTML
  Rendered home/index.html.haml within layouts/application (0.3ms)
Completed 200 OK in 6ms (Views: 3.4ms | ActiveRecord: 0.0ms)


Started GET "/" for 74.125.178.21 at 2012-07-31 13:43:19 +0100
Processing by HomeController#index as HTML
  Rendered home/index.html.haml within layouts/application (0.3ms)
Completed 200 OK in 6ms (Views: 3.5ms | ActiveRecord: 0.0ms)


Started GET "/archives/181" for 173.236.29.4 at 2012-07-31 13:43:56 +0100

ActionController::RoutingError (No route matches [GET] "/archives/181"):
  actionpack (3.2.6) lib/action_dispatch/middleware/debug_exceptions.rb:21:in `call'
  actionpack (3.2.6) lib/action_dispatch/middleware/show_exceptions.rb:56:in `call'
  railties (3.2.6) lib/rails/rack/logger.rb:26:in `call_app'
  railties (3.2.6) lib/rails/rack/logger.rb:16:in `call'
  actionpack (3.2.6) lib/action_dispatch/middleware/request_id.rb:22:in `call'
  rack (1.4.1) lib/rack/methodoverride.rb:21:in `call'
  rack (1.4.1) lib/rack/runtime.rb:17:in `call'
  activesupport (3.2.6) lib/active_support/cache/strategy/local_cache.rb:72:in `call'
  rack (1.4.1) lib/rack/lock.rb:15:in `call'
  rack-cache (1.2) lib/rack/cache/context.rb:136:in `forward'
  rack-cache (1.2) lib/rack/cache/context.rb:245:in `fetch'
  rack-cache (1.2) lib/rack/cache/context.rb:185:in `lookup'
  rack-cache (1.2) lib/rack/cache/context.rb:66:in `call!'
  rack-cache (1.2) lib/rack/cache/context.rb:51:in `call'
  railties (3.2.6) lib/rails/engine.rb:479:in `call'
  railties (3.2.6) lib/rails/application.rb:220:in `call'
  railties (3.2.6) lib/rails/railtie/configurable.rb:30:in `method_missing'
  passenger (3.0.14) lib/phusion_passenger/rack/request_handler.rb:96:in `process_request'
  passenger (3.0.14) lib/phusion_passenger/abstract_request_handler.rb:516:in `accept_and_process_next_request'
  passenger (3.0.14) lib/phusion_passenger/abstract_request_handler.rb:274:in `main_loop'
  passenger (3.0.14) lib/phusion_passenger/rack/application_spawner.rb:206:in `start_request_handler'
  passenger (3.0.14) lib/phusion_passenger/rack/application_spawner.rb:171:in `block in handle_spawn_application'
  passenger (3.0.14) lib/phusion_passenger/utils.rb:470:in `safe_fork'
  passenger (3.0.14) lib/phusion_passenger/rack/application_spawner.rb:166:in `handle_spawn_application'
  passenger (3.0.14) lib/phusion_passenger/abstract_server.rb:357:in `server_main_loop'
  passenger (3.0.14) lib/phusion_passenger/abstract_server.rb:206:in `start_synchronously'
  passenger (3.0.14) lib/phusion_passenger/abstract_server.rb:180:in `start'
  passenger (3.0.14) lib/phusion_passenger/rack/application_spawner.rb:129:in `start'
  passenger (3.0.14) lib/phusion_passenger/spawn_manager.rb:253:in `block (2 levels) in spawn_rack_application'
  passenger (3.0.14) lib/phusion_passenger/abstract_server_collection.rb:132:in `lookup_or_add'
  passenger (3.0.14) lib/phusion_passenger/spawn_manager.rb:246:in `block in spawn_rack_application'
  passenger (3.0.14) lib/phusion_passenger/abstract_server_collection.rb:82:in `block in synchronize'
  <internal:prelude>:10:in `synchronize'
  passenger (3.0.14) lib/phusion_passenger/abstract_server_collection.rb:79:in `synchronize'
  passenger (3.0.14) lib/phusion_passenger/spawn_manager.rb:244:in `spawn_rack_application'
  passenger (3.0.14) lib/phusion_passenger/spawn_manager.rb:137:in `spawn_application'
  passenger (3.0.14) lib/phusion_passenger/spawn_manager.rb:275:in `handle_spawn_application'
  passenger (3.0.14) lib/phusion_passenger/abstract_server.rb:357:in `server_main_loop'
  passenger (3.0.14) lib/phusion_passenger/abstract_server.rb:206:in `start_synchronously'
  passenger (3.0.14) helper-scripts/passenger-spawn-server:99:in `<main>'




Started GET "/" for 213.104.35.208 at 2012-07-31 13:45:40 +0100
Processing by HomeController#index as HTML
  Rendered home/index.html.haml within layouts/application (0.3ms)
Completed 200 OK in 13ms (Views: 3.2ms | ActiveRecord: 0.0ms)


Started GET "/" for 213.205.232.75 at 2012-07-31 13:45:48 +0100
Processing by HomeController#index as HTML
  Rendered home/index.html.haml within layouts/application (0.3ms)
Completed 200 OK in 6ms (Views: 3.6ms | ActiveRecord: 0.0ms)
Connecting to database specified by database.yml


Started GET "/" for 109.104.125.114 at 2012-07-31 13:46:12 +0100
Processing by HomeController#index as HTML
  Rendered home/index.html.haml within layouts/application (3.6ms)
Completed 200 OK in 44ms (Views: 41.3ms | ActiveRecord: 0.0ms)


Started GET "/brainfuckinterpreterbrainfuckc" for 213.104.35.208 at 2012-07-31 13:46:45 +0100
Processing by HomeController#index as HTML
  Parameters: {"first_id"=>"brainfuckinterpreterbrainfuckc"}
  Rendered home/index.html.haml within layouts/application (0.3ms)
Completed 200 OK in 60ms (Views: 3.3ms | ActiveRecord: 0.0ms)


Started GET "/" for 65.52.1.12 at 2012-07-31 13:46:54 +0100
Processing by HomeController#index as */*
  Rendered home/index.html.haml within layouts/application (2.7ms)
Completed 200 OK in 10ms (Views: 7.9ms | ActiveRecord: 0.0ms)


Started GET "/creatingacustomcontroljava-android" for 213.104.35.208 at 2012-07-31 13:47:24 +0100
Processing by HomeController#index as HTML
  Parameters: {"first_id"=>"creatingacustomcontroljava-android"}
  Rendered home/index.html.haml within layouts/application (0.4ms)
Completed 200 OK in 83ms (Views: 3.3ms | ActiveRecord: 0.0ms)


Started GET "/konamicodejava-android" for 213.104.35.208 at 2012-07-31 13:47:34 +0100
Processing by HomeController#index as HTML
  Parameters: {"first_id"=>"konamicodejava-android"}
  Rendered home/index.html.haml within layouts/application (0.3ms)
Completed 200 OK in 17ms (Views: 3.7ms | ActiveRecord: 0.0ms)


Started GET "/" for 23.20.89.74 at 2012-07-31 13:48:24 +0100
Processing by HomeController#index as HTML
  Rendered home/index.html.haml within layouts/application (0.3ms)
Completed 200 OK in 5ms (Views: 3.0ms | ActiveRecord: 0.0ms)


Started GET "/" for 107.20.127.228 at 2012-07-31 13:48:24 +0100
Processing by HomeController#index as HTML
  Rendered home/index.html.haml within layouts/application (0.5ms)
Completed 200 OK in 6ms (Views: 3.7ms | ActiveRecord: 0.0ms)


Started GET "/feed" for 209.85.238.212 at 2012-07-31 13:54:42 +0100
Processing by HomeController#index as */*
  Parameters: {"first_id"=>"feed"}
  Rendered home/index.html.haml within layouts/application (0.4ms)
Completed 200 OK in 6ms (Views: 4.1ms | ActiveRecord: 0.0ms)


Started GET "/archives/140" for 178.154.243.92 at 2012-07-31 13:57:58 +0100

ActionController::RoutingError (No route matches [GET] "/archives/140"):
  actionpack (3.2.6) lib/action_dispatch/middleware/debug_exceptions.rb:21:in `call'
  actionpack (3.2.6) lib/action_dispatch/middleware/show_exceptions.rb:56:in `call'
  railties (3.2.6) lib/rails/rack/logger.rb:26:in `call_app'
  railties (3.2.6) lib/rails/rack/logger.rb:16:in `call'
  actionpack (3.2.6) lib/action_dispatch/middleware/request_id.rb:22:in `call'
  rack (1.4.1) lib/rack/methodoverride.rb:21:in `call'
  rack (1.4.1) lib/rack/runtime.rb:17:in `call'
  activesupport (3.2.6) lib/active_support/cache/strategy/local_cache.rb:72:in `call'
  rack (1.4.1) lib/rack/lock.rb:15:in `call'
  rack-cache (1.2) lib/rack/cache/context.rb:136:in `forward'
  rack-cache (1.2) lib/rack/cache/context.rb:245:in `fetch'
  rack-cache (1.2) lib/rack/cache/context.rb:185:in `lookup'
  rack-cache (1.2) lib/rack/cache/context.rb:66:in `call!'
  rack-cache (1.2) lib/rack/cache/context.rb:51:in `call'
  railties (3.2.6) lib/rails/engine.rb:479:in `call'
  railties (3.2.6) lib/rails/application.rb:220:in `call'
  railties (3.2.6) lib/rails/railtie/configurable.rb:30:in `method_missing'
  passenger (3.0.14) lib/phusion_passenger/rack/request_handler.rb:96:in `process_request'
  passenger (3.0.14) lib/phusion_passenger/abstract_request_handler.rb:516:in `accept_and_process_next_request'
  passenger (3.0.14) lib/phusion_passenger/abstract_request_handler.rb:274:in `main_loop'
  passenger (3.0.14) lib/phusion_passenger/rack/application_spawner.rb:206:in `start_request_handler'
  passenger (3.0.14) lib/phusion_passenger/rack/application_spawner.rb:171:in `block in handle_spawn_application'
  passenger (3.0.14) lib/phusion_passenger/utils.rb:470:in `safe_fork'
  passenger (3.0.14) lib/phusion_passenger/rack/application_spawner.rb:166:in `handle_spawn_application'
  passenger (3.0.14) lib/phusion_passenger/abstract_server.rb:357:in `server_main_loop'
  passenger (3.0.14) lib/phusion_passenger/abstract_server.rb:206:in `start_synchronously'
  passenger (3.0.14) lib/phusion_passenger/abstract_server.rb:180:in `start'
  passenger (3.0.14) lib/phusion_passenger/rack/application_spawner.rb:129:in `start'
  passenger (3.0.14) lib/phusion_passenger/spawn_manager.rb:253:in `block (2 levels) in spawn_rack_application'
  passenger (3.0.14) lib/phusion_passenger/abstract_server_collection.rb:132:in `lookup_or_add'
  passenger (3.0.14) lib/phusion_passenger/spawn_manager.rb:246:in `block in spawn_rack_application'
  passenger (3.0.14) lib/phusion_passenger/abstract_server_collection.rb:82:in `block in synchronize'
  <internal:prelude>:10:in `synchronize'
  passenger (3.0.14) lib/phusion_passenger/abstract_server_collection.rb:79:in `synchronize'
  passenger (3.0.14) lib/phusion_passenger/spawn_manager.rb:244:in `spawn_rack_application'
  passenger (3.0.14) lib/phusion_passenger/spawn_manager.rb:137:in `spawn_application'
  passenger (3.0.14) lib/phusion_passenger/spawn_manager.rb:275:in `handle_spawn_application'
  passenger (3.0.14) lib/phusion_passenger/abstract_server.rb:357:in `server_main_loop'
  passenger (3.0.14) lib/phusion_passenger/abstract_server.rb:206:in `start_synchronously'
  passenger (3.0.14) helper-scripts/passenger-spawn-server:99:in `<main>'




Started GET "/" for 109.104.125.114 at 2012-07-31 14:00:59 +0100
Processing by HomeController#index as HTML
  Rendered home/index.html.haml within layouts/application (0.3ms)
Completed 200 OK in 5ms (Views: 2.9ms | ActiveRecord: 0.0ms)


Started GET "/archives/116" for 66.249.72.153 at 2012-07-31 14:07:04 +0100

ActionController::RoutingError (No route matches [GET] "/archives/116"):
  actionpack (3.2.6) lib/action_dispatch/middleware/debug_exceptions.rb:21:in `call'
  actionpack (3.2.6) lib/action_dispatch/middleware/show_exceptions.rb:56:in `call'
  railties (3.2.6) lib/rails/rack/logger.rb:26:in `call_app'
  railties (3.2.6) lib/rails/rack/logger.rb:16:in `call'
  actionpack (3.2.6) lib/action_dispatch/middleware/request_id.rb:22:in `call'
  rack (1.4.1) lib/rack/methodoverride.rb:21:in `call'
  rack (1.4.1) lib/rack/runtime.rb:17:in `call'
  activesupport (3.2.6) lib/active_support/cache/strategy/local_cache.rb:72:in `call'
  rack (1.4.1) lib/rack/lock.rb:15:in `call'
  rack-cache (1.2) lib/rack/cache/context.rb:136:in `forward'
  rack-cache (1.2) lib/rack/cache/context.rb:245:in `fetch'
  rack-cache (1.2) lib/rack/cache/context.rb:185:in `lookup'
  rack-cache (1.2) lib/rack/cache/context.rb:66:in `call!'
  rack-cache (1.2) lib/rack/cache/context.rb:51:in `call'
  railties (3.2.6) lib/rails/engine.rb:479:in `call'
  railties (3.2.6) lib/rails/application.rb:220:in `call'
  railties (3.2.6) lib/rails/railtie/configurable.rb:30:in `method_missing'
  passenger (3.0.14) lib/phusion_passenger/rack/request_handler.rb:96:in `process_request'
  passenger (3.0.14) lib/phusion_passenger/abstract_request_handler.rb:516:in `accept_and_process_next_request'
  passenger (3.0.14) lib/phusion_passenger/abstract_request_handler.rb:274:in `main_loop'
  passenger (3.0.14) lib/phusion_passenger/rack/application_spawner.rb:206:in `start_request_handler'
  passenger (3.0.14) lib/phusion_passenger/rack/application_spawner.rb:171:in `block in handle_spawn_application'
  passenger (3.0.14) lib/phusion_passenger/utils.rb:470:in `safe_fork'
  passenger (3.0.14) lib/phusion_passenger/rack/application_spawner.rb:166:in `handle_spawn_application'
  passenger (3.0.14) lib/phusion_passenger/abstract_server.rb:357:in `server_main_loop'
  passenger (3.0.14) lib/phusion_passenger/abstract_server.rb:206:in `start_synchronously'
  passenger (3.0.14) lib/phusion_passenger/abstract_server.rb:180:in `start'
  passenger (3.0.14) lib/phusion_passenger/rack/application_spawner.rb:129:in `start'
  passenger (3.0.14) lib/phusion_passenger/spawn_manager.rb:253:in `block (2 levels) in spawn_rack_application'
  passenger (3.0.14) lib/phusion_passenger/abstract_server_collection.rb:132:in `lookup_or_add'
  passenger (3.0.14) lib/phusion_passenger/spawn_manager.rb:246:in `block in spawn_rack_application'
  passenger (3.0.14) lib/phusion_passenger/abstract_server_collection.rb:82:in `block in synchronize'
  <internal:prelude>:10:in `synchronize'
  passenger (3.0.14) lib/phusion_passenger/abstract_server_collection.rb:79:in `synchronize'
  passenger (3.0.14) lib/phusion_passenger/spawn_manager.rb:244:in `spawn_rack_application'
  passenger (3.0.14) lib/phusion_passenger/spawn_manager.rb:137:in `spawn_application'
  passenger (3.0.14) lib/phusion_passenger/spawn_manager.rb:275:in `handle_spawn_application'
  passenger (3.0.14) lib/phusion_passenger/abstract_server.rb:357:in `server_main_loop'
  passenger (3.0.14) lib/phusion_passenger/abstract_server.rb:206:in `start_synchronously'
  passenger (3.0.14) helper-scripts/passenger-spawn-server:99:in `<main>'




Started GET "/archives/tag/android-xui" for 66.249.72.153 at 2012-07-31 14:10:50 +0100

ActionController::RoutingError (No route matches [GET] "/archives/tag/android-xui"):
  actionpack (3.2.6) lib/action_dispatch/middleware/debug_exceptions.rb:21:in `call'
  actionpack (3.2.6) lib/action_dispatch/middleware/show_exceptions.rb:56:in `call'
  railties (3.2.6) lib/rails/rack/logger.rb:26:in `call_app'
  railties (3.2.6) lib/rails/rack/logger.rb:16:in `call'
  actionpack (3.2.6) lib/action_dispatch/middleware/request_id.rb:22:in `call'
  rack (1.4.1) lib/rack/methodoverride.rb:21:in `call'
  rack (1.4.1) lib/rack/runtime.rb:17:in `call'
  activesupport (3.2.6) lib/active_support/cache/strategy/local_cache.rb:72:in `call'
  rack (1.4.1) lib/rack/lock.rb:15:in `call'
  rack-cache (1.2) lib/rack/cache/context.rb:136:in `forward'
  rack-cache (1.2) lib/rack/cache/context.rb:245:in `fetch'
  rack-cache (1.2) lib/rack/cache/context.rb:185:in `lookup'
  rack-cache (1.2) lib/rack/cache/context.rb:66:in `call!'
  rack-cache (1.2) lib/rack/cache/context.rb:51:in `call'
  railties (3.2.6) lib/rails/engine.rb:479:in `call'
  railties (3.2.6) lib/rails/application.rb:220:in `call'
  railties (3.2.6) lib/rails/railtie/configurable.rb:30:in `method_missing'
  passenger (3.0.14) lib/phusion_passenger/rack/request_handler.rb:96:in `process_request'
  passenger (3.0.14) lib/phusion_passenger/abstract_request_handler.rb:516:in `accept_and_process_next_request'
  passenger (3.0.14) lib/phusion_passenger/abstract_request_handler.rb:274:in `main_loop'
  passenger (3.0.14) lib/phusion_passenger/rack/application_spawner.rb:206:in `start_request_handler'
  passenger (3.0.14) lib/phusion_passenger/rack/application_spawner.rb:171:in `block in handle_spawn_application'
  passenger (3.0.14) lib/phusion_passenger/utils.rb:470:in `safe_fork'
  passenger (3.0.14) lib/phusion_passenger/rack/application_spawner.rb:166:in `handle_spawn_application'
  passenger (3.0.14) lib/phusion_passenger/abstract_server.rb:357:in `server_main_loop'
  passenger (3.0.14) lib/phusion_passenger/abstract_server.rb:206:in `start_synchronously'
  passenger (3.0.14) lib/phusion_passenger/abstract_server.rb:180:in `start'
  passenger (3.0.14) lib/phusion_passenger/rack/application_spawner.rb:129:in `start'
  passenger (3.0.14) lib/phusion_passenger/spawn_manager.rb:253:in `block (2 levels) in spawn_rack_application'
  passenger (3.0.14) lib/phusion_passenger/abstract_server_collection.rb:132:in `lookup_or_add'
  passenger (3.0.14) lib/phusion_passenger/spawn_manager.rb:246:in `block in spawn_rack_application'
  passenger (3.0.14) lib/phusion_passenger/abstract_server_collection.rb:82:in `block in synchronize'
  <internal:prelude>:10:in `synchronize'
  passenger (3.0.14) lib/phusion_passenger/abstract_server_collection.rb:79:in `synchronize'
  passenger (3.0.14) lib/phusion_passenger/spawn_manager.rb:244:in `spawn_rack_application'
  passenger (3.0.14) lib/phusion_passenger/spawn_manager.rb:137:in `spawn_application'
  passenger (3.0.14) lib/phusion_passenger/spawn_manager.rb:275:in `handle_spawn_application'
  passenger (3.0.14) lib/phusion_passenger/abstract_server.rb:357:in `server_main_loop'
  passenger (3.0.14) lib/phusion_passenger/abstract_server.rb:206:in `start_synchronously'
  passenger (3.0.14) helper-scripts/passenger-spawn-server:99:in `<main>'




Started GET "/archives/181" for 173.236.35.2 at 2012-07-31 14:21:34 +0100

ActionController::RoutingError (No route matches [GET] "/archives/181"):
  actionpack (3.2.6) lib/action_dispatch/middleware/debug_exceptions.rb:21:in `call'
  actionpack (3.2.6) lib/action_dispatch/middleware/show_exceptions.rb:56:in `call'
  railties (3.2.6) lib/rails/rack/logger.rb:26:in `call_app'
  railties (3.2.6) lib/rails/rack/logger.rb:16:in `call'
  actionpack (3.2.6) lib/action_dispatch/middleware/request_id.rb:22:in `call'
  rack (1.4.1) lib/rack/methodoverride.rb:21:in `call'
  rack (1.4.1) lib/rack/runtime.rb:17:in `call'
  activesupport (3.2.6) lib/active_support/cache/strategy/local_cache.rb:72:in `call'
  rack (1.4.1) lib/rack/lock.rb:15:in `call'
  rack-cache (1.2) lib/rack/cache/context.rb:136:in `forward'
  rack-cache (1.2) lib/rack/cache/context.rb:245:in `fetch'
  rack-cache (1.2) lib/rack/cache/context.rb:185:in `lookup'
  rack-cache (1.2) lib/rack/cache/context.rb:66:in `call!'
  rack-cache (1.2) lib/rack/cache/context.rb:51:in `call'
  railties (3.2.6) lib/rails/engine.rb:479:in `call'
  railties (3.2.6) lib/rails/application.rb:220:in `call'
  railties (3.2.6) lib/rails/railtie/configurable.rb:30:in `method_missing'
  passenger (3.0.14) lib/phusion_passenger/rack/request_handler.rb:96:in `process_request'
  passenger (3.0.14) lib/phusion_passenger/abstract_request_handler.rb:516:in `accept_and_process_next_request'
  passenger (3.0.14) lib/phusion_passenger/abstract_request_handler.rb:274:in `main_loop'
  passenger (3.0.14) lib/phusion_passenger/rack/application_spawner.rb:206:in `start_request_handler'
  passenger (3.0.14) lib/phusion_passenger/rack/application_spawner.rb:171:in `block in handle_spawn_application'
  passenger (3.0.14) lib/phusion_passenger/utils.rb:470:in `safe_fork'
  passenger (3.0.14) lib/phusion_passenger/rack/application_spawner.rb:166:in `handle_spawn_application'
  passenger (3.0.14) lib/phusion_passenger/abstract_server.rb:357:in `server_main_loop'
  passenger (3.0.14) lib/phusion_passenger/abstract_server.rb:206:in `start_synchronously'
  passenger (3.0.14) lib/phusion_passenger/abstract_server.rb:180:in `start'
  passenger (3.0.14) lib/phusion_passenger/rack/application_spawner.rb:129:in `start'
  passenger (3.0.14) lib/phusion_passenger/spawn_manager.rb:253:in `block (2 levels) in spawn_rack_application'
  passenger (3.0.14) lib/phusion_passenger/abstract_server_collection.rb:132:in `lookup_or_add'
  passenger (3.0.14) lib/phusion_passenger/spawn_manager.rb:246:in `block in spawn_rack_application'
  passenger (3.0.14) lib/phusion_passenger/abstract_server_collection.rb:82:in `block in synchronize'
  <internal:prelude>:10:in `synchronize'
  passenger (3.0.14) lib/phusion_passenger/abstract_server_collection.rb:79:in `synchronize'
  passenger (3.0.14) lib/phusion_passenger/spawn_manager.rb:244:in `spawn_rack_application'
  passenger (3.0.14) lib/phusion_passenger/spawn_manager.rb:137:in `spawn_application'
  passenger (3.0.14) lib/phusion_passenger/spawn_manager.rb:275:in `handle_spawn_application'
  passenger (3.0.14) lib/phusion_passenger/abstract_server.rb:357:in `server_main_loop'
  passenger (3.0.14) lib/phusion_passenger/abstract_server.rb:206:in `start_synchronously'
  passenger (3.0.14) helper-scripts/passenger-spawn-server:99:in `<main>'




Started GET "/" for 220.181.108.115 at 2012-07-31 14:29:05 +0100
Processing by HomeController#index as HTML
  Rendered home/index.html.haml within layouts/application (0.4ms)
Completed 200 OK in 41ms (Views: 3.5ms | ActiveRecord: 0.0ms)


Started GET "/" for 123.125.71.58 at 2012-07-31 14:29:38 +0100
Processing by HomeController#index as HTML
  Rendered home/index.html.haml within layouts/application (0.4ms)
Completed 200 OK in 5ms (Views: 3.2ms | ActiveRecord: 0.0ms)


Started GET "/archives/142" for 178.154.243.92 at 2012-07-31 14:31:10 +0100

ActionController::RoutingError (No route matches [GET] "/archives/142"):
  actionpack (3.2.6) lib/action_dispatch/middleware/debug_exceptions.rb:21:in `call'
  actionpack (3.2.6) lib/action_dispatch/middleware/show_exceptions.rb:56:in `call'
  railties (3.2.6) lib/rails/rack/logger.rb:26:in `call_app'
  railties (3.2.6) lib/rails/rack/logger.rb:16:in `call'
  actionpack (3.2.6) lib/action_dispatch/middleware/request_id.rb:22:in `call'
  rack (1.4.1) lib/rack/methodoverride.rb:21:in `call'
  rack (1.4.1) lib/rack/runtime.rb:17:in `call'
  activesupport (3.2.6) lib/active_support/cache/strategy/local_cache.rb:72:in `call'
  rack (1.4.1) lib/rack/lock.rb:15:in `call'
  rack-cache (1.2) lib/rack/cache/context.rb:136:in `forward'
  rack-cache (1.2) lib/rack/cache/context.rb:245:in `fetch'
  rack-cache (1.2) lib/rack/cache/context.rb:185:in `lookup'
  rack-cache (1.2) lib/rack/cache/context.rb:66:in `call!'
  rack-cache (1.2) lib/rack/cache/context.rb:51:in `call'
  railties (3.2.6) lib/rails/engine.rb:479:in `call'
  railties (3.2.6) lib/rails/application.rb:220:in `call'
  railties (3.2.6) lib/rails/railtie/configurable.rb:30:in `method_missing'
  passenger (3.0.14) lib/phusion_passenger/rack/request_handler.rb:96:in `process_request'
  passenger (3.0.14) lib/phusion_passenger/abstract_request_handler.rb:516:in `accept_and_process_next_request'
  passenger (3.0.14) lib/phusion_passenger/abstract_request_handler.rb:274:in `main_loop'
  passenger (3.0.14) lib/phusion_passenger/rack/application_spawner.rb:206:in `start_request_handler'
  passenger (3.0.14) lib/phusion_passenger/rack/application_spawner.rb:171:in `block in handle_spawn_application'
  passenger (3.0.14) lib/phusion_passenger/utils.rb:470:in `safe_fork'
  passenger (3.0.14) lib/phusion_passenger/rack/application_spawner.rb:166:in `handle_spawn_application'
  passenger (3.0.14) lib/phusion_passenger/abstract_server.rb:357:in `server_main_loop'
  passenger (3.0.14) lib/phusion_passenger/abstract_server.rb:206:in `start_synchronously'
  passenger (3.0.14) lib/phusion_passenger/abstract_server.rb:180:in `start'
  passenger (3.0.14) lib/phusion_passenger/rack/application_spawner.rb:129:in `start'
  passenger (3.0.14) lib/phusion_passenger/spawn_manager.rb:253:in `block (2 levels) in spawn_rack_application'
  passenger (3.0.14) lib/phusion_passenger/abstract_server_collection.rb:132:in `lookup_or_add'
  passenger (3.0.14) lib/phusion_passenger/spawn_manager.rb:246:in `block in spawn_rack_application'
  passenger (3.0.14) lib/phusion_passenger/abstract_server_collection.rb:82:in `block in synchronize'
  <internal:prelude>:10:in `synchronize'
  passenger (3.0.14) lib/phusion_passenger/abstract_server_collection.rb:79:in `synchronize'
  passenger (3.0.14) lib/phusion_passenger/spawn_manager.rb:244:in `spawn_rack_application'
  passenger (3.0.14) lib/phusion_passenger/spawn_manager.rb:137:in `spawn_application'
  passenger (3.0.14) lib/phusion_passenger/spawn_manager.rb:275:in `handle_spawn_application'
  passenger (3.0.14) lib/phusion_passenger/abstract_server.rb:357:in `server_main_loop'
  passenger (3.0.14) lib/phusion_passenger/abstract_server.rb:206:in `start_synchronously'
  passenger (3.0.14) helper-scripts/passenger-spawn-server:99:in `<main>'




Started GET "/archives/120" for 178.154.243.92 at 2012-07-31 14:46:54 +0100

ActionController::RoutingError (No route matches [GET] "/archives/120"):
  actionpack (3.2.6) lib/action_dispatch/middleware/debug_exceptions.rb:21:in `call'
  actionpack (3.2.6) lib/action_dispatch/middleware/show_exceptions.rb:56:in `call'
  railties (3.2.6) lib/rails/rack/logger.rb:26:in `call_app'
  railties (3.2.6) lib/rails/rack/logger.rb:16:in `call'
  actionpack (3.2.6) lib/action_dispatch/middleware/request_id.rb:22:in `call'
  rack (1.4.1) lib/rack/methodoverride.rb:21:in `call'
  rack (1.4.1) lib/rack/runtime.rb:17:in `call'
  activesupport (3.2.6) lib/active_support/cache/strategy/local_cache.rb:72:in `call'
  rack (1.4.1) lib/rack/lock.rb:15:in `call'
  rack-cache (1.2) lib/rack/cache/context.rb:136:in `forward'
  rack-cache (1.2) lib/rack/cache/context.rb:245:in `fetch'
  rack-cache (1.2) lib/rack/cache/context.rb:185:in `lookup'
  rack-cache (1.2) lib/rack/cache/context.rb:66:in `call!'
  rack-cache (1.2) lib/rack/cache/context.rb:51:in `call'
  railties (3.2.6) lib/rails/engine.rb:479:in `call'
  railties (3.2.6) lib/rails/application.rb:220:in `call'
  railties (3.2.6) lib/rails/railtie/configurable.rb:30:in `method_missing'
  passenger (3.0.14) lib/phusion_passenger/rack/request_handler.rb:96:in `process_request'
  passenger (3.0.14) lib/phusion_passenger/abstract_request_handler.rb:516:in `accept_and_process_next_request'
  passenger (3.0.14) lib/phusion_passenger/abstract_request_handler.rb:274:in `main_loop'
  passenger (3.0.14) lib/phusion_passenger/rack/application_spawner.rb:206:in `start_request_handler'
  passenger (3.0.14) lib/phusion_passenger/rack/application_spawner.rb:171:in `block in handle_spawn_application'
  passenger (3.0.14) lib/phusion_passenger/utils.rb:470:in `safe_fork'
  passenger (3.0.14) lib/phusion_passenger/rack/application_spawner.rb:166:in `handle_spawn_application'
  passenger (3.0.14) lib/phusion_passenger/abstract_server.rb:357:in `server_main_loop'
  passenger (3.0.14) lib/phusion_passenger/abstract_server.rb:206:in `start_synchronously'
  passenger (3.0.14) lib/phusion_passenger/abstract_server.rb:180:in `start'
  passenger (3.0.14) lib/phusion_passenger/rack/application_spawner.rb:129:in `start'
  passenger (3.0.14) lib/phusion_passenger/spawn_manager.rb:253:in `block (2 levels) in spawn_rack_application'
  passenger (3.0.14) lib/phusion_passenger/abstract_server_collection.rb:132:in `lookup_or_add'
  passenger (3.0.14) lib/phusion_passenger/spawn_manager.rb:246:in `block in spawn_rack_application'
  passenger (3.0.14) lib/phusion_passenger/abstract_server_collection.rb:82:in `block in synchronize'
  <internal:prelude>:10:in `synchronize'
  passenger (3.0.14) lib/phusion_passenger/abstract_server_collection.rb:79:in `synchronize'
  passenger (3.0.14) lib/phusion_passenger/spawn_manager.rb:244:in `spawn_rack_application'
  passenger (3.0.14) lib/phusion_passenger/spawn_manager.rb:137:in `spawn_application'
  passenger (3.0.14) lib/phusion_passenger/spawn_manager.rb:275:in `handle_spawn_application'
  passenger (3.0.14) lib/phusion_passenger/abstract_server.rb:357:in `server_main_loop'
  passenger (3.0.14) lib/phusion_passenger/abstract_server.rb:206:in `start_synchronously'
  passenger (3.0.14) helper-scripts/passenger-spawn-server:99:in `<main>'


Connecting to database specified by database.yml


Started GET "/archives/tag/global/feed" for 178.154.243.92 at 2012-07-31 15:01:52 +0100

ActionController::RoutingError (No route matches [GET] "/archives/tag/global/feed"):
  actionpack (3.2.6) lib/action_dispatch/middleware/debug_exceptions.rb:21:in `call'
  actionpack (3.2.6) lib/action_dispatch/middleware/show_exceptions.rb:56:in `call'
  railties (3.2.6) lib/rails/rack/logger.rb:26:in `call_app'
  railties (3.2.6) lib/rails/rack/logger.rb:16:in `call'
  actionpack (3.2.6) lib/action_dispatch/middleware/request_id.rb:22:in `call'
  rack (1.4.1) lib/rack/methodoverride.rb:21:in `call'
  rack (1.4.1) lib/rack/runtime.rb:17:in `call'
  activesupport (3.2.6) lib/active_support/cache/strategy/local_cache.rb:72:in `call'
  rack (1.4.1) lib/rack/lock.rb:15:in `call'
  rack-cache (1.2) lib/rack/cache/context.rb:136:in `forward'
  rack-cache (1.2) lib/rack/cache/context.rb:245:in `fetch'
  rack-cache (1.2) lib/rack/cache/context.rb:185:in `lookup'
  rack-cache (1.2) lib/rack/cache/context.rb:66:in `call!'
  rack-cache (1.2) lib/rack/cache/context.rb:51:in `call'
  railties (3.2.6) lib/rails/engine.rb:479:in `call'
  railties (3.2.6) lib/rails/application.rb:220:in `call'
  railties (3.2.6) lib/rails/railtie/configurable.rb:30:in `method_missing'
  passenger (3.0.14) lib/phusion_passenger/rack/request_handler.rb:96:in `process_request'
  passenger (3.0.14) lib/phusion_passenger/abstract_request_handler.rb:516:in `accept_and_process_next_request'
  passenger (3.0.14) lib/phusion_passenger/abstract_request_handler.rb:274:in `main_loop'
  passenger (3.0.14) lib/phusion_passenger/rack/application_spawner.rb:206:in `start_request_handler'
  passenger (3.0.14) lib/phusion_passenger/rack/application_spawner.rb:171:in `block in handle_spawn_application'
  passenger (3.0.14) lib/phusion_passenger/utils.rb:470:in `safe_fork'
  passenger (3.0.14) lib/phusion_passenger/rack/application_spawner.rb:166:in `handle_spawn_application'
  passenger (3.0.14) lib/phusion_passenger/abstract_server.rb:357:in `server_main_loop'
  passenger (3.0.14) lib/phusion_passenger/abstract_server.rb:206:in `start_synchronously'
  passenger (3.0.14) lib/phusion_passenger/abstract_server.rb:180:in `start'
  passenger (3.0.14) lib/phusion_passenger/rack/application_spawner.rb:129:in `start'
  passenger (3.0.14) lib/phusion_passenger/spawn_manager.rb:253:in `block (2 levels) in spawn_rack_application'
  passenger (3.0.14) lib/phusion_passenger/abstract_server_collection.rb:132:in `lookup_or_add'
  passenger (3.0.14) lib/phusion_passenger/spawn_manager.rb:246:in `block in spawn_rack_application'
  passenger (3.0.14) lib/phusion_passenger/abstract_server_collection.rb:82:in `block in synchronize'
  <internal:prelude>:10:in `synchronize'
  passenger (3.0.14) lib/phusion_passenger/abstract_server_collection.rb:79:in `synchronize'
  passenger (3.0.14) lib/phusion_passenger/spawn_manager.rb:244:in `spawn_rack_application'
  passenger (3.0.14) lib/phusion_passenger/spawn_manager.rb:137:in `spawn_application'
  passenger (3.0.14) lib/phusion_passenger/spawn_manager.rb:275:in `handle_spawn_application'
  passenger (3.0.14) lib/phusion_passenger/abstract_server.rb:357:in `server_main_loop'
  passenger (3.0.14) lib/phusion_passenger/abstract_server.rb:206:in `start_synchronously'
  passenger (3.0.14) helper-scripts/passenger-spawn-server:99:in `<main>'




Started GET "/archives/tag/konami" for 207.46.13.144 at 2012-07-31 15:02:03 +0100

ActionController::RoutingError (No route matches [GET] "/archives/tag/konami"):
  actionpack (3.2.6) lib/action_dispatch/middleware/debug_exceptions.rb:21:in `call'
  actionpack (3.2.6) lib/action_dispatch/middleware/show_exceptions.rb:56:in `call'
  railties (3.2.6) lib/rails/rack/logger.rb:26:in `call_app'
  railties (3.2.6) lib/rails/rack/logger.rb:16:in `call'
  actionpack (3.2.6) lib/action_dispatch/middleware/request_id.rb:22:in `call'
  rack (1.4.1) lib/rack/methodoverride.rb:21:in `call'
  rack (1.4.1) lib/rack/runtime.rb:17:in `call'
  activesupport (3.2.6) lib/active_support/cache/strategy/local_cache.rb:72:in `call'
  rack (1.4.1) lib/rack/lock.rb:15:in `call'
  rack-cache (1.2) lib/rack/cache/context.rb:136:in `forward'
  rack-cache (1.2) lib/rack/cache/context.rb:245:in `fetch'
  rack-cache (1.2) lib/rack/cache/context.rb:185:in `lookup'
  rack-cache (1.2) lib/rack/cache/context.rb:66:in `call!'
  rack-cache (1.2) lib/rack/cache/context.rb:51:in `call'
  railties (3.2.6) lib/rails/engine.rb:479:in `call'
  railties (3.2.6) lib/rails/application.rb:220:in `call'
  railties (3.2.6) lib/rails/railtie/configurable.rb:30:in `method_missing'
  passenger (3.0.14) lib/phusion_passenger/rack/request_handler.rb:96:in `process_request'
  passenger (3.0.14) lib/phusion_passenger/abstract_request_handler.rb:516:in `accept_and_process_next_request'
  passenger (3.0.14) lib/phusion_passenger/abstract_request_handler.rb:274:in `main_loop'
  passenger (3.0.14) lib/phusion_passenger/rack/application_spawner.rb:206:in `start_request_handler'
  passenger (3.0.14) lib/phusion_passenger/rack/application_spawner.rb:171:in `block in handle_spawn_application'
  passenger (3.0.14) lib/phusion_passenger/utils.rb:470:in `safe_fork'
  passenger (3.0.14) lib/phusion_passenger/rack/application_spawner.rb:166:in `handle_spawn_application'
  passenger (3.0.14) lib/phusion_passenger/abstract_server.rb:357:in `server_main_loop'
  passenger (3.0.14) lib/phusion_passenger/abstract_server.rb:206:in `start_synchronously'
  passenger (3.0.14) lib/phusion_passenger/abstract_server.rb:180:in `start'
  passenger (3.0.14) lib/phusion_passenger/rack/application_spawner.rb:129:in `start'
  passenger (3.0.14) lib/phusion_passenger/spawn_manager.rb:253:in `block (2 levels) in spawn_rack_application'
  passenger (3.0.14) lib/phusion_passenger/abstract_server_collection.rb:132:in `lookup_or_add'
  passenger (3.0.14) lib/phusion_passenger/spawn_manager.rb:246:in `block in spawn_rack_application'
  passenger (3.0.14) lib/phusion_passenger/abstract_server_collection.rb:82:in `block in synchronize'
  <internal:prelude>:10:in `synchronize'
  passenger (3.0.14) lib/phusion_passenger/abstract_server_collection.rb:79:in `synchronize'
  passenger (3.0.14) lib/phusion_passenger/spawn_manager.rb:244:in `spawn_rack_application'
  passenger (3.0.14) lib/phusion_passenger/spawn_manager.rb:137:in `spawn_application'
  passenger (3.0.14) lib/phusion_passenger/spawn_manager.rb:275:in `handle_spawn_application'
  passenger (3.0.14) lib/phusion_passenger/abstract_server.rb:357:in `server_main_loop'
  passenger (3.0.14) lib/phusion_passenger/abstract_server.rb:206:in `start_synchronously'
  passenger (3.0.14) helper-scripts/passenger-spawn-server:99:in `<main>'


Connecting to database specified by database.yml


Started GET "/" for 109.104.125.114 at 2012-07-31 15:10:20 +0100
Processing by HomeController#index as HTML
  Rendered home/index.html.haml within layouts/application (4.1ms)
Completed 200 OK in 50ms (Views: 47.6ms | ActiveRecord: 0.0ms)


Started GET "/" for 109.104.125.114 at 2012-07-31 15:13:52 +0100
Processing by HomeController#index as HTML
  Rendered home/index.html.haml within layouts/application (0.3ms)
Completed 200 OK in 5ms (Views: 3.3ms | ActiveRecord: 0.0ms)


Started GET "/archives/date/2012/01" for 178.154.243.92 at 2012-07-31 15:16:46 +0100

ActionController::RoutingError (No route matches [GET] "/archives/date/2012/01"):
  actionpack (3.2.6) lib/action_dispatch/middleware/debug_exceptions.rb:21:in `call'
  actionpack (3.2.6) lib/action_dispatch/middleware/show_exceptions.rb:56:in `call'
  railties (3.2.6) lib/rails/rack/logger.rb:26:in `call_app'
  railties (3.2.6) lib/rails/rack/logger.rb:16:in `call'
  actionpack (3.2.6) lib/action_dispatch/middleware/request_id.rb:22:in `call'
  rack (1.4.1) lib/rack/methodoverride.rb:21:in `call'
  rack (1.4.1) lib/rack/runtime.rb:17:in `call'
  activesupport (3.2.6) lib/active_support/cache/strategy/local_cache.rb:72:in `call'
  rack (1.4.1) lib/rack/lock.rb:15:in `call'
  rack-cache (1.2) lib/rack/cache/context.rb:136:in `forward'
  rack-cache (1.2) lib/rack/cache/context.rb:245:in `fetch'
  rack-cache (1.2) lib/rack/cache/context.rb:185:in `lookup'
  rack-cache (1.2) lib/rack/cache/context.rb:66:in `call!'
  rack-cache (1.2) lib/rack/cache/context.rb:51:in `call'
  railties (3.2.6) lib/rails/engine.rb:479:in `call'
  railties (3.2.6) lib/rails/application.rb:220:in `call'
  railties (3.2.6) lib/rails/railtie/configurable.rb:30:in `method_missing'
  passenger (3.0.14) lib/phusion_passenger/rack/request_handler.rb:96:in `process_request'
  passenger (3.0.14) lib/phusion_passenger/abstract_request_handler.rb:516:in `accept_and_process_next_request'
  passenger (3.0.14) lib/phusion_passenger/abstract_request_handler.rb:274:in `main_loop'
  passenger (3.0.14) lib/phusion_passenger/rack/application_spawner.rb:206:in `start_request_handler'
  passenger (3.0.14) lib/phusion_passenger/rack/application_spawner.rb:171:in `block in handle_spawn_application'
  passenger (3.0.14) lib/phusion_passenger/utils.rb:470:in `safe_fork'
  passenger (3.0.14) lib/phusion_passenger/rack/application_spawner.rb:166:in `handle_spawn_application'
  passenger (3.0.14) lib/phusion_passenger/abstract_server.rb:357:in `server_main_loop'
  passenger (3.0.14) lib/phusion_passenger/abstract_server.rb:206:in `start_synchronously'
  passenger (3.0.14) lib/phusion_passenger/abstract_server.rb:180:in `start'
  passenger (3.0.14) lib/phusion_passenger/rack/application_spawner.rb:129:in `start'
  passenger (3.0.14) lib/phusion_passenger/spawn_manager.rb:253:in `block (2 levels) in spawn_rack_application'
  passenger (3.0.14) lib/phusion_passenger/abstract_server_collection.rb:132:in `lookup_or_add'
  passenger (3.0.14) lib/phusion_passenger/spawn_manager.rb:246:in `block in spawn_rack_application'
  passenger (3.0.14) lib/phusion_passenger/abstract_server_collection.rb:82:in `block in synchronize'
  <internal:prelude>:10:in `synchronize'
  passenger (3.0.14) lib/phusion_passenger/abstract_server_collection.rb:79:in `synchronize'
  passenger (3.0.14) lib/phusion_passenger/spawn_manager.rb:244:in `spawn_rack_application'
  passenger (3.0.14) lib/phusion_passenger/spawn_manager.rb:137:in `spawn_application'
  passenger (3.0.14) lib/phusion_passenger/spawn_manager.rb:275:in `handle_spawn_application'
  passenger (3.0.14) lib/phusion_passenger/abstract_server.rb:357:in `server_main_loop'
  passenger (3.0.14) lib/phusion_passenger/abstract_server.rb:206:in `start_synchronously'
  passenger (3.0.14) helper-scripts/passenger-spawn-server:99:in `<main>'




Started GET "/feed" for 209.85.238.212 at 2012-07-31 15:29:48 +0100
Processing by HomeController#index as */*
  Parameters: {"first_id"=>"feed"}
  Rendered home/index.html.haml within layouts/application (3.0ms)
Completed 200 OK in 10ms (Views: 8.4ms | ActiveRecord: 0.0ms)


Started GET "/" for 109.104.125.114 at 2012-07-31 15:34:38 +0100
Processing by HomeController#index as HTML
  Rendered home/index.html.haml within layouts/application (0.4ms)
Completed 200 OK in 5ms (Views: 3.6ms | ActiveRecord: 0.0ms)


Started GET "/brainfuckinterpreterbrainfuckc" for 109.104.125.114 at 2012-07-31 15:34:44 +0100
Processing by HomeController#index as HTML
  Parameters: {"first_id"=>"brainfuckinterpreterbrainfuckc"}
  Rendered home/index.html.haml within layouts/application (0.4ms)
Completed 200 OK in 65ms (Views: 3.2ms | ActiveRecord: 0.0ms)


Started GET "/" for 109.104.125.114 at 2012-07-31 15:35:31 +0100
Processing by HomeController#index as HTML
  Rendered home/index.html.haml within layouts/application (0.4ms)
Completed 200 OK in 34ms (Views: 32.4ms | ActiveRecord: 0.0ms)


Started GET "/creatingacustomcontroljava-android" for 109.104.125.114 at 2012-07-31 15:35:36 +0100
Processing by HomeController#index as HTML
  Parameters: {"first_id"=>"creatingacustomcontroljava-android"}
  Rendered home/index.html.haml within layouts/application (0.3ms)
Completed 200 OK in 44ms (Views: 3.1ms | ActiveRecord: 0.0ms)


Started GET "/brainfuckinterpreterbrainfuckc" for 109.104.125.114 at 2012-07-31 15:35:38 +0100
Processing by HomeController#index as HTML
  Parameters: {"first_id"=>"brainfuckinterpreterbrainfuckc"}
  Rendered home/index.html.haml within layouts/application (0.3ms)
Completed 200 OK in 14ms (Views: 3.3ms | ActiveRecord: 0.0ms)


Started GET "/havingfunwithmichael" for 109.104.125.114 at 2012-07-31 15:35:40 +0100
Processing by HomeController#index as HTML
  Parameters: {"first_id"=>"havingfunwithmichael"}
  Rendered home/index.html.haml within layouts/application (0.3ms)
Completed 200 OK in 6ms (Views: 3.5ms | ActiveRecord: 0.0ms)


Started GET "/mysqlbackupservicec" for 109.104.125.114 at 2012-07-31 15:35:51 +0100
Processing by HomeController#index as HTML
  Parameters: {"first_id"=>"mysqlbackupservicec"}
  Rendered home/index.html.haml within layouts/application (0.4ms)
Completed 200 OK in 68ms (Views: 3.4ms | ActiveRecord: 0.0ms)


Started GET "/settingsurfaceviewastransparentjava-android" for 109.104.125.114 at 2012-07-31 15:36:44 +0100
Processing by HomeController#index as HTML
  Parameters: {"first_id"=>"settingsurfaceviewastransparentjava-android"}
  Rendered home/index.html.haml within layouts/application (0.4ms)
Completed 200 OK in 7ms (Views: 3.4ms | ActiveRecord: 0.0ms)


Started GET "/rss" for 109.104.125.114 at 2012-07-31 15:37:04 +0100
Processing by HomeController#index as HTML
  Parameters: {"first_id"=>"rss"}
  Rendered home/index.html.haml within layouts/application (0.3ms)
Completed 200 OK in 5ms (Views: 3.1ms | ActiveRecord: 0.0ms)
